#
# A fatal error has been detected by the Java Runtime Environment:
#
#  EXCEPTION_ACCESS_VIOLATION (0xc0000005) at pc=0x00007fff32436587, pid=9240, tid=1416
#
# JRE version: OpenJDK Runtime Environment (21.0.1+12) (build 21.0.1+12-29)
# Java VM: OpenJDK 64-Bit Server VM (21.0.1+12-29, mixed mode, sharing, tiered, compressed oops, compressed class ptrs, g1 gc, windows-amd64)
# Problematic frame:
# C  [glass.dll+0x26587]
#
# No core dump will be written. Minidumps are not enabled by default on client versions of Windows
#
# If you would like to submit a bug report, please visit:
#   https://bugreport.java.com/bugreport/crash.jsp
#

---------------  S U M M A R Y ------------

Command Line: --module-path=lib --add-modules=javafx.controls,javafx.fxml -javaagent:C:\Program Files\JetBrains\IntelliJ IDEA 2023.1.4\lib\idea_rt.jar=52884:C:\Program Files\JetBrains\IntelliJ IDEA 2023.1.4\bin -Dfile.encoding=UTF-8 -Dsun.stdout.encoding=UTF-8 -Dsun.stderr.encoding=UTF-8 MainFiles.Main

Host: 11th Gen Intel(R) Core(TM) i5-11400H @ 2.70GHz, 12 cores, 31G,  Windows 11 , 64 bit Build 22621 (10.0.22621.2506)
Time: Tue Nov  7 18:51:03 2023  Windows 11 , 64 bit Build 22621 (10.0.22621.2506) elapsed time: 7.678810 seconds (0d 0h 0m 7s)

---------------  T H R E A D  ---------------

Current thread (0x0000020bad7b4700):  VMThread "VM Thread"          [id=1416, stack(0x0000009b57900000,0x0000009b57a00000) (1024K)]

Stack: [0x0000009b57900000,0x0000009b57a00000],  sp=0x0000009b579fec00,  free space=1019k
Native frames: (J=compiled Java code, j=interpreted, Vv=VM code, C=native code)
C  [glass.dll+0x26587]


siginfo: EXCEPTION_ACCESS_VIOLATION (0xc0000005), reading address 0x0000000000000000


Registers:
RAX=0x0000000000000000, RBX=0x0000020bad7bf66a, RCX=0x0000020bad7b4700, RDX=0x0000009b579fec00
RSP=0x0000009b579fec00, RBP=0x0000020bf3a1ad48, RSI=0x0000009b579fed08, RDI=0x0000020bf3a1ad20
R8 =0x0000000000010002, R9 =0x0000020bf3a1ad20, R10=0x85f13e9656da4870, R11=0x0000009b579feb90
R12=0x00007fff32433ed0, R13=0x00007ffec0da1fa0, R14=0x00007d8bf3026d51, R15=0x0000020bf3a1ad20
RIP=0x00007fff32436587, EFLAGS=0x0000000000010202


Register to memory mapping:

RAX=0x0 is null
RBX=0x0000020bad7bf66a is a global jni handle
RCX=0x0000020bad7b4700 points into unknown readable memory: 0x00007ffec0bb3f88 | 88 3f bb c0 fe 7f 00 00
RDX=0x0000009b579fec00 points into unknown readable memory: 0x0000000000000000 | 00 00 00 00 00 00 00 00
RSP=0x0000009b579fec00 points into unknown readable memory: 0x0000000000000000 | 00 00 00 00 00 00 00 00
RBP=0x0000020bf3a1ad48 points into unknown readable memory: 0x00007d8bf3026d51 | 51 6d 02 f3 8b 7d 00 00
RSI=0x0000009b579fed08 points into unknown readable memory: 0x0000009b579fecf0 | f0 ec 9f 57 9b 00 00 00
RDI=0x0000020bf3a1ad20 points into unknown readable memory: 0xfffe190d80d26d51 | 51 6d d2 80 0d 19 fe ff
R8 =0x0000000000010002 is an unknown value
R9 =0x0000020bf3a1ad20 points into unknown readable memory: 0xfffe190d80d26d51 | 51 6d d2 80 0d 19 fe ff
R10=0x85f13e9656da4870 is an unknown value
R11=0x0000009b579feb90 points into unknown readable memory: 0x0000020bf3a1ad20 | 20 ad a1 f3 0b 02 00 00
R12=0x00007fff32433ed0 glass.dll
R13=0x00007ffec0da1fa0 jvm.dll
R14=0x00007d8bf3026d51 is an unknown value
R15=0x0000020bf3a1ad20 points into unknown readable memory: 0xfffe190d80d26d51 | 51 6d d2 80 0d 19 fe ff

Top of Stack: (sp=0x0000009b579fec00)
0x0000009b579fec00:   0000000000000000 0000009b579fed08
0x0000009b579fec10:   00007ffec0da1fa0 00007fff32433ed0
0x0000009b579fec20:   0000020bf3a1ad28 00007fff6dec3a83
0x0000009b579fec30:   0000020bf3a1ad20 0000020b00000000
0x0000009b579fec40:   0000020bf3a1ad48 0000009b579fed08
0x0000009b579fec50:   fffffffffffffffe 0000000000000000
0x0000009b579fec60:   0000000000000001 00007fff32410000
0x0000009b579fec70:   0000009b579fecf8 00007fff6de9006e
0x0000009b579fec80:   0000000000000000 0000009b579fed08
0x0000009b579fec90:   0000009b579feff0 0000000000000001
0x0000009b579feca0:   0000000000000001 00007fff6de8da1d
0x0000009b579fecb0:   0000000000000000 00007fff324336c9
0x0000009b579fecc0:   0000000000000000 0000009b579fecf8
0x0000009b579fecd0:   fffffffffffffffe 0000009b579fef00
0x0000009b579fece0:   0000000000000000 00007fff32433d5d
0x0000009b579fecf0:   00007fff3244a008 00007fff00000002
0x0000009b579fed00:   0000000000000002 0000009b579fecf0
0x0000009b579fed10:   0000000000000000 00007fff70b18603
0x0000009b579fed20:   0000000000000000 00007fff32433e82
0x0000009b579fed30:   0000000000000001 0000000000000001
0x0000009b579fed40:   0000000000000000 0000000000000001
0x0000009b579fed50:   0000000000000001 00007fff6d5d2223
0x0000009b579fed60:   00007fff00000001 0000000000000000
0x0000009b579fed70:   00007fff32410000 000000007ffe0384
0x0000009b579fed80:   0000000000000000 00007fff70b1869f
0x0000009b579fed90:   00007fff32410000 0000000000000000
0x0000009b579feda0:   0000000000000001 000000007ffe0385
0x0000009b579fedb0:   00007fff70c27a20 00007fff568ed1d0
0x0000009b579fedc0:   00002f259aae8b00 00007fff55490000
0x0000009b579fedd0:   00007fff32433ed0 0000000000000000
0x0000009b579fede0:   0000000000000000 0000009b56c0a000
0x0000009b579fedf0:   0000020bf39e2970 00007fff70b410a6 

Instructions: (pc=0x00007fff32436587)
0x00007fff32436487:   8b 4d 58 e8 8d cf ff ff 48 8b 4d 60 e8 84 cf ff
0x00007fff32436497:   ff 48 8b 95 80 00 00 00 48 8b 8d 18 01 00 00 e8
0x00007fff324364a7:   76 c4 ff ff 33 d2 33 c9 e8 cc e1 ff ff 90 48 89
0x00007fff324364b7:   54 24 10 55 48 83 ec 20 48 8b ea 48 b8 00 00 00
0x00007fff324364c7:   00 00 00 00 00 48 83 c4 20 5d c3 cc 40 55 48 8b
0x00007fff324364d7:   ea 48 8b 01 33 c9 81 38 05 00 00 c0 0f 94 c1 8b
0x00007fff324364e7:   c1 5d c3 cc 40 55 48 83 ec 20 48 8b ea 8a 4d 40
0x00007fff324364f7:   48 83 c4 20 5d e9 73 d3 ff ff cc 40 55 48 83 ec
0x00007fff32436507:   20 48 8b ea 8a 4d 20 e8 61 d3 ff ff 90 48 83 c4
0x00007fff32436517:   20 5d c3 cc 40 55 48 83 ec 20 48 8b ea 48 83 c4
0x00007fff32436527:   20 5d e9 c2 d1 ff ff cc 40 55 48 83 ec 30 48 8b
0x00007fff32436537:   ea 48 8b 01 8b 10 48 89 4c 24 28 89 54 24 20 4c
0x00007fff32436547:   8d 0d 63 d6 ff ff 4c 8b 45 70 8b 55 68 48 8b 4d
0x00007fff32436557:   60 e8 03 d1 ff ff 90 48 83 c4 30 5d c3 cc cc cc
0x00007fff32436567:   cc cc cc cc cc cc cc cc cc 40 53 48 83 ec 20 48
0x00007fff32436577:   8b 1d 8b 34 01 00 48 85 db 74 16 e8 89 8f ff ff
0x00007fff32436587:   4c 8b 00 48 8b d3 48 8b c8 41 ff 90 b0 00 00 00
0x00007fff32436597:   90 48 83 c4 20 5b c3 cc cc 40 53 48 83 ec 20 48
0x00007fff324365a7:   8b 1d fb 35 01 00 48 85 db 74 57 b8 ff ff ff ff
0x00007fff324365b7:   f0 0f c1 43 10 83 f8 01 75 3d 48 85 db 74 38 48
0x00007fff324365c7:   8b 0b 48 85 c9 74 0d ff 15 d4 0c 00 00 48 c7 03
0x00007fff324365d7:   00 00 00 00 48 8b 4b 08 48 85 c9 74 0d e8 33 ce
0x00007fff324365e7:   ff ff 48 c7 43 08 00 00 00 00 ba 18 00 00 00 48
0x00007fff324365f7:   8b cb e8 1e ce ff ff 48 c7 05 9f 35 01 00 00 00
0x00007fff32436607:   00 00 48 83 c4 20 5b c3 cc 40 53 48 83 ec 20 48
0x00007fff32436617:   8b 1d 6b 35 01 00 48 85 db 74 57 b8 ff ff ff ff
0x00007fff32436627:   f0 0f c1 43 10 83 f8 01 75 3d 48 85 db 74 38 48
0x00007fff32436637:   8b 0b 48 85 c9 74 0d ff 15 64 0c 00 00 48 c7 03
0x00007fff32436647:   00 00 00 00 48 8b 4b 08 48 85 c9 74 0d e8 c3 cd
0x00007fff32436657:   ff ff 48 c7 43 08 00 00 00 00 ba 18 00 00 00 48
0x00007fff32436667:   8b cb e8 ae cd ff ff 48 c7 05 0f 35 01 00 00 00
0x00007fff32436677:   00 00 48 83 c4 20 5b c3 cc 40 53 48 83 ec 20 48 


Stack slot to memory mapping:

stack at sp + 0 slots: 0x0 is null
stack at sp + 1 slots: 0x0000009b579fed08 points into unknown readable memory: 0x0000009b579fecf0 | f0 ec 9f 57 9b 00 00 00
stack at sp + 2 slots: 0x00007ffec0da1fa0 jvm.dll
stack at sp + 3 slots: 0x00007fff32433ed0 glass.dll
stack at sp + 4 slots: 0x0000020bf3a1ad28 points into unknown readable memory: 0x00007d8bf3026d51 | 51 6d 02 f3 8b 7d 00 00
stack at sp + 5 slots: 0x00007fff6dec3a83 ucrtbase.dll
stack at sp + 6 slots: 0x0000020bf3a1ad20 points into unknown readable memory: 0xfffe190d80d26d51 | 51 6d d2 80 0d 19 fe ff
stack at sp + 7 slots: 0x0000020b00000000 is an unknown value

VM_Operation (0x0000009b583ff250): Exit, mode: safepoint, requested by thread 0x0000020bf91636b0


---------------  P R O C E S S  ---------------

Threads class SMR info:
_java_thread_list=0x0000020bf844c9b0, length=20, elements={
0x0000020b899525d0, 0x0000020bad7d1fb0, 0x0000020bad7d2fc0, 0x0000020bad7d55d0,
0x0000020bad7d95d0, 0x0000020bad7da120, 0x0000020bad7dde00, 0x0000020bf3008090,
0x0000020bf300e050, 0x0000020bf30f6410, 0x0000020bf34870b0, 0x0000020bf3487720,
0x0000020bf384cd60, 0x0000020bf3a0d080, 0x0000020bf3a2e880, 0x0000020bf84f0820,
0x0000020bf8518050, 0x0000020bf9161c70, 0x0000020bf9160230, 0x0000020bf91636b0
}

Java Threads: ( => current thread )
  0x0000020b899525d0 JavaThread "main"                              [_thread_blocked, id=14124, stack(0x0000009b57200000,0x0000009b57300000) (1024K)]
  0x0000020bad7d1fb0 JavaThread "Reference Handler"          daemon [_thread_blocked, id=360, stack(0x0000009b57a00000,0x0000009b57b00000) (1024K)]
  0x0000020bad7d2fc0 JavaThread "Finalizer"                  daemon [_thread_blocked, id=23244, stack(0x0000009b57b00000,0x0000009b57c00000) (1024K)]
  0x0000020bad7d55d0 JavaThread "Signal Dispatcher"          daemon [_thread_blocked, id=19624, stack(0x0000009b57c00000,0x0000009b57d00000) (1024K)]
  0x0000020bad7d95d0 JavaThread "Attach Listener"            daemon [_thread_blocked, id=17516, stack(0x0000009b57d00000,0x0000009b57e00000) (1024K)]
  0x0000020bad7da120 JavaThread "Service Thread"             daemon [_thread_blocked, id=15520, stack(0x0000009b57e00000,0x0000009b57f00000) (1024K)]
  0x0000020bad7dde00 JavaThread "Monitor Deflation Thread"   daemon [_thread_blocked, id=16796, stack(0x0000009b57f00000,0x0000009b58000000) (1024K)]
  0x0000020bf3008090 JavaThread "C2 CompilerThread0"         daemon [_thread_blocked, id=14668, stack(0x0000009b58000000,0x0000009b58100000) (1024K)]
  0x0000020bf300e050 JavaThread "C1 CompilerThread0"         daemon [_thread_blocked, id=20996, stack(0x0000009b58100000,0x0000009b58200000) (1024K)]
  0x0000020bf30f6410 JavaThread "Common-Cleaner"             daemon [_thread_blocked, id=2680, stack(0x0000009b58200000,0x0000009b58300000) (1024K)]
  0x0000020bf34870b0 JavaThread "Monitor Ctrl-Break"         daemon [_thread_in_native, id=13812, stack(0x0000009b58500000,0x0000009b58600000) (1024K)]
  0x0000020bf3487720 JavaThread "Notification Thread"        daemon [_thread_blocked, id=11576, stack(0x0000009b58600000,0x0000009b58700000) (1024K)]
  0x0000020bf384cd60 JavaThread "QuantumRenderer-0"          daemon [_thread_blocked, id=9432, stack(0x0000009b58700000,0x0000009b58800000) (1024K)]
  0x0000020bf3a0d080 JavaThread "InvokeLaterDispatcher"      daemon [_thread_blocked, id=20336, stack(0x0000009b58800000,0x0000009b58900000) (1024K)]
  0x0000020bf3a2e880 JavaThread "JavaFX Application Thread"         [_thread_in_native, id=18940, stack(0x0000009b58900000,0x0000009b58a00000) (1024K)]
  0x0000020bf84f0820 JavaThread "JavaFX-Launcher"                   [_thread_blocked, id=13144, stack(0x0000009b58d00000,0x0000009b58e00000) (1024K)]
  0x0000020bf8518050 JavaThread "Thread-2"                   daemon [_thread_in_native, id=11356, stack(0x0000009b58400000,0x0000009b58500000) (1024K)]
  0x0000020bf9161c70 JavaThread "Prism Font Disposer"        daemon [_thread_blocked, id=15696, stack(0x0000009b59a00000,0x0000009b59b00000) (1024K)]
  0x0000020bf9160230 JavaThread "Cleaner-0"                  daemon [_thread_blocked, id=17128, stack(0x0000009b59b00000,0x0000009b59c00000) (1024K)]
  0x0000020bf91636b0 JavaThread "SIGINT handler"             daemon [_thread_blocked, id=16532, stack(0x0000009b58300000,0x0000009b58400000) (1024K)]
Total: 20

Other Threads:
=>0x0000020bad7b4700 VMThread "VM Thread"                           [id=1416, stack(0x0000009b57900000,0x0000009b57a00000) (1024K)]
  0x0000020b899f9df0 WorkerThread "GC Thread#0"                     [id=1256, stack(0x0000009b57300000,0x0000009b57400000) (1024K)]
  0x0000020bf84a2710 WorkerThread "GC Thread#1"                     [id=20632, stack(0x0000009b58e00000,0x0000009b58f00000) (1024K)]
  0x0000020bf84a2e50 WorkerThread "GC Thread#2"                     [id=11400, stack(0x0000009b58f00000,0x0000009b59000000) (1024K)]
  0x0000020bf84a2ab0 WorkerThread "GC Thread#3"                     [id=22740, stack(0x0000009b59000000,0x0000009b59100000) (1024K)]
  0x0000020bf84a2370 WorkerThread "GC Thread#4"                     [id=20840, stack(0x0000009b59100000,0x0000009b59200000) (1024K)]
  0x0000020bf84992e0 WorkerThread "GC Thread#5"                     [id=21192, stack(0x0000009b59200000,0x0000009b59300000) (1024K)]
  0x0000020bf8498460 WorkerThread "GC Thread#6"                     [id=10864, stack(0x0000009b59300000,0x0000009b59400000) (1024K)]
  0x0000020bf8497240 WorkerThread "GC Thread#7"                     [id=17652, stack(0x0000009b59400000,0x0000009b59500000) (1024K)]
  0x0000020bf8496760 WorkerThread "GC Thread#8"                     [id=13796, stack(0x0000009b59500000,0x0000009b59600000) (1024K)]
  0x0000020bf8496b00 WorkerThread "GC Thread#9"                     [id=1472, stack(0x0000009b59600000,0x0000009b59700000) (1024K)]
  0x0000020b89a0ad40 ConcurrentGCThread "G1 MainFiles.Main Marker"            terminated
  0x0000020b89a0b840 WorkerThread "G1 Conc#0"                       [id=16840, stack(0x0000009b57500000,0x0000009b57600000) (1024K)]
  0x0000020bad66d360 ConcurrentGCThread "G1 Refine#0"               terminated
  0x0000020bad66ded0 ConcurrentGCThread "G1 Service"                terminated
Total: 15

Threads with active compile tasks:
Total: 0

VM state: at safepoint (shutting down)

VM Mutex/Monitor currently owned by a thread:  ([mutex/lock_event])
[0x00007ffec0d7a5f8] Threads_lock - owner thread: 0x0000020bad7b4700
[0x00007ffec0d7a6f8] Heap_lock - owner thread: 0x0000020bf91636b0

Heap address: 0x0000000604800000, size: 8120 MB, Compressed Oops mode: Zero based, Oop shift amount: 3

CDS archive(s) mapped at: [0x0000020bae000000-0x0000020baec90000-0x0000020baec90000), size 13172736, SharedBaseAddress: 0x0000020bae000000, ArchiveRelocationMode: 1.
Compressed class space mapped at: 0x0000020baf000000-0x0000020bef000000, reserved size: 1073741824
Narrow klass base: 0x0000020bae000000, Narrow klass shift: 0, Narrow klass range: 0x100000000

GC Precious Log:
 CardTable entry size: 512
 Card Set container configuration: InlinePtr #cards 4 size 8 Array Of Cards #cards 32 size 80 Howl #buckets 8 coarsen threshold 7372 Howl Bitmap #cards 1024 size 144 coarsen threshold 921 Card regions per heap region 1 cards per card region 8192
 CPUs: 12 total, 12 available
 Memory: 32469M
 Large Page Support: Disabled
 NUMA Support: Disabled
 Compressed Oops: Enabled (Zero based)
 Heap Region Size: 4M
 Heap Min Capacity: 8M
 Heap Initial Capacity: 508M
 Heap Max Capacity: 8120M
 Pre-touch: Disabled
 Parallel Workers: 10
 Concurrent Workers: 3
 Concurrent Refinement Workers: 10
 Periodic GC: Disabled

Heap:
 garbage-first heap   total 520192K, used 13059K [0x0000000604800000, 0x0000000800000000)
  region size 4096K, 4 young (16384K), 2 survivors (8192K)
 Metaspace       used 14130K, committed 14464K, reserved 1114112K
  class space    used 1882K, committed 2048K, reserved 1048576K

Heap Regions: E=young(eden), S=young(survivor), O=old, HS=humongous(starts), HC=humongous(continues), CS=collection set, F=free, TAMS=top-at-mark-start, PB=parsable bottom
|   0|0x0000000604800000, 0x00000006048c0ff8, 0x0000000604c00000| 18%| O|  |TAMS 0x0000000604800000| PB 0x0000000604800000| Untracked 
|   1|0x0000000604c00000, 0x0000000604c00000, 0x0000000605000000|  0%| F|  |TAMS 0x0000000604c00000| PB 0x0000000604c00000| Untracked 
|   2|0x0000000605000000, 0x0000000605000000, 0x0000000605400000|  0%| F|  |TAMS 0x0000000605000000| PB 0x0000000605000000| Untracked 
|   3|0x0000000605400000, 0x0000000605400000, 0x0000000605800000|  0%| F|  |TAMS 0x0000000605400000| PB 0x0000000605400000| Untracked 
|   4|0x0000000605800000, 0x0000000605800000, 0x0000000605c00000|  0%| F|  |TAMS 0x0000000605800000| PB 0x0000000605800000| Untracked 
|   5|0x0000000605c00000, 0x0000000605c00000, 0x0000000606000000|  0%| F|  |TAMS 0x0000000605c00000| PB 0x0000000605c00000| Untracked 
|   6|0x0000000606000000, 0x0000000606000000, 0x0000000606400000|  0%| F|  |TAMS 0x0000000606000000| PB 0x0000000606000000| Untracked 
|   7|0x0000000606400000, 0x0000000606400000, 0x0000000606800000|  0%| F|  |TAMS 0x0000000606400000| PB 0x0000000606400000| Untracked 
|   8|0x0000000606800000, 0x0000000606800000, 0x0000000606c00000|  0%| F|  |TAMS 0x0000000606800000| PB 0x0000000606800000| Untracked 
|   9|0x0000000606c00000, 0x0000000606c00000, 0x0000000607000000|  0%| F|  |TAMS 0x0000000606c00000| PB 0x0000000606c00000| Untracked 
|  10|0x0000000607000000, 0x0000000607000000, 0x0000000607400000|  0%| F|  |TAMS 0x0000000607000000| PB 0x0000000607000000| Untracked 
|  11|0x0000000607400000, 0x0000000607400000, 0x0000000607800000|  0%| F|  |TAMS 0x0000000607400000| PB 0x0000000607400000| Untracked 
|  12|0x0000000607800000, 0x0000000607800000, 0x0000000607c00000|  0%| F|  |TAMS 0x0000000607800000| PB 0x0000000607800000| Untracked 
|  13|0x0000000607c00000, 0x0000000607c00000, 0x0000000608000000|  0%| F|  |TAMS 0x0000000607c00000| PB 0x0000000607c00000| Untracked 
|  14|0x0000000608000000, 0x0000000608000000, 0x0000000608400000|  0%| F|  |TAMS 0x0000000608000000| PB 0x0000000608000000| Untracked 
|  15|0x0000000608400000, 0x0000000608400000, 0x0000000608800000|  0%| F|  |TAMS 0x0000000608400000| PB 0x0000000608400000| Untracked 
|  16|0x0000000608800000, 0x0000000608800000, 0x0000000608c00000|  0%| F|  |TAMS 0x0000000608800000| PB 0x0000000608800000| Untracked 
|  17|0x0000000608c00000, 0x0000000608c00000, 0x0000000609000000|  0%| F|  |TAMS 0x0000000608c00000| PB 0x0000000608c00000| Untracked 
|  18|0x0000000609000000, 0x0000000609000000, 0x0000000609400000|  0%| F|  |TAMS 0x0000000609000000| PB 0x0000000609000000| Untracked 
|  19|0x0000000609400000, 0x0000000609400000, 0x0000000609800000|  0%| F|  |TAMS 0x0000000609400000| PB 0x0000000609400000| Untracked 
|  20|0x0000000609800000, 0x0000000609800000, 0x0000000609c00000|  0%| F|  |TAMS 0x0000000609800000| PB 0x0000000609800000| Untracked 
|  21|0x0000000609c00000, 0x0000000609c00000, 0x000000060a000000|  0%| F|  |TAMS 0x0000000609c00000| PB 0x0000000609c00000| Untracked 
|  22|0x000000060a000000, 0x000000060a000000, 0x000000060a400000|  0%| F|  |TAMS 0x000000060a000000| PB 0x000000060a000000| Untracked 
|  23|0x000000060a400000, 0x000000060a400000, 0x000000060a800000|  0%| F|  |TAMS 0x000000060a400000| PB 0x000000060a400000| Untracked 
|  24|0x000000060a800000, 0x000000060a800000, 0x000000060ac00000|  0%| F|  |TAMS 0x000000060a800000| PB 0x000000060a800000| Untracked 
|  25|0x000000060ac00000, 0x000000060ac00000, 0x000000060b000000|  0%| F|  |TAMS 0x000000060ac00000| PB 0x000000060ac00000| Untracked 
|  26|0x000000060b000000, 0x000000060b000000, 0x000000060b400000|  0%| F|  |TAMS 0x000000060b000000| PB 0x000000060b000000| Untracked 
|  27|0x000000060b400000, 0x000000060b400000, 0x000000060b800000|  0%| F|  |TAMS 0x000000060b400000| PB 0x000000060b400000| Untracked 
|  28|0x000000060b800000, 0x000000060b800000, 0x000000060bc00000|  0%| F|  |TAMS 0x000000060b800000| PB 0x000000060b800000| Untracked 
|  29|0x000000060bc00000, 0x000000060bc00000, 0x000000060c000000|  0%| F|  |TAMS 0x000000060bc00000| PB 0x000000060bc00000| Untracked 
|  30|0x000000060c000000, 0x000000060c000000, 0x000000060c400000|  0%| F|  |TAMS 0x000000060c000000| PB 0x000000060c000000| Untracked 
|  31|0x000000060c400000, 0x000000060c400000, 0x000000060c800000|  0%| F|  |TAMS 0x000000060c400000| PB 0x000000060c400000| Untracked 
|  32|0x000000060c800000, 0x000000060c800000, 0x000000060cc00000|  0%| F|  |TAMS 0x000000060c800000| PB 0x000000060c800000| Untracked 
|  33|0x000000060cc00000, 0x000000060cc00000, 0x000000060d000000|  0%| F|  |TAMS 0x000000060cc00000| PB 0x000000060cc00000| Untracked 
|  34|0x000000060d000000, 0x000000060d000000, 0x000000060d400000|  0%| F|  |TAMS 0x000000060d000000| PB 0x000000060d000000| Untracked 
|  35|0x000000060d400000, 0x000000060d400000, 0x000000060d800000|  0%| F|  |TAMS 0x000000060d400000| PB 0x000000060d400000| Untracked 
|  36|0x000000060d800000, 0x000000060d800000, 0x000000060dc00000|  0%| F|  |TAMS 0x000000060d800000| PB 0x000000060d800000| Untracked 
|  37|0x000000060dc00000, 0x000000060dc00000, 0x000000060e000000|  0%| F|  |TAMS 0x000000060dc00000| PB 0x000000060dc00000| Untracked 
|  38|0x000000060e000000, 0x000000060e000000, 0x000000060e400000|  0%| F|  |TAMS 0x000000060e000000| PB 0x000000060e000000| Untracked 
|  39|0x000000060e400000, 0x000000060e400000, 0x000000060e800000|  0%| F|  |TAMS 0x000000060e400000| PB 0x000000060e400000| Untracked 
|  40|0x000000060e800000, 0x000000060e800000, 0x000000060ec00000|  0%| F|  |TAMS 0x000000060e800000| PB 0x000000060e800000| Untracked 
|  41|0x000000060ec00000, 0x000000060ec00000, 0x000000060f000000|  0%| F|  |TAMS 0x000000060ec00000| PB 0x000000060ec00000| Untracked 
|  42|0x000000060f000000, 0x000000060f000000, 0x000000060f400000|  0%| F|  |TAMS 0x000000060f000000| PB 0x000000060f000000| Untracked 
|  43|0x000000060f400000, 0x000000060f400000, 0x000000060f800000|  0%| F|  |TAMS 0x000000060f400000| PB 0x000000060f400000| Untracked 
|  44|0x000000060f800000, 0x000000060f800000, 0x000000060fc00000|  0%| F|  |TAMS 0x000000060f800000| PB 0x000000060f800000| Untracked 
|  45|0x000000060fc00000, 0x000000060fc00000, 0x0000000610000000|  0%| F|  |TAMS 0x000000060fc00000| PB 0x000000060fc00000| Untracked 
|  46|0x0000000610000000, 0x0000000610000000, 0x0000000610400000|  0%| F|  |TAMS 0x0000000610000000| PB 0x0000000610000000| Untracked 
|  47|0x0000000610400000, 0x0000000610400000, 0x0000000610800000|  0%| F|  |TAMS 0x0000000610400000| PB 0x0000000610400000| Untracked 
|  48|0x0000000610800000, 0x0000000610800000, 0x0000000610c00000|  0%| F|  |TAMS 0x0000000610800000| PB 0x0000000610800000| Untracked 
|  49|0x0000000610c00000, 0x0000000610c00000, 0x0000000611000000|  0%| F|  |TAMS 0x0000000610c00000| PB 0x0000000610c00000| Untracked 
|  50|0x0000000611000000, 0x0000000611000000, 0x0000000611400000|  0%| F|  |TAMS 0x0000000611000000| PB 0x0000000611000000| Untracked 
|  51|0x0000000611400000, 0x0000000611400000, 0x0000000611800000|  0%| F|  |TAMS 0x0000000611400000| PB 0x0000000611400000| Untracked 
|  52|0x0000000611800000, 0x0000000611800000, 0x0000000611c00000|  0%| F|  |TAMS 0x0000000611800000| PB 0x0000000611800000| Untracked 
|  53|0x0000000611c00000, 0x0000000611c00000, 0x0000000612000000|  0%| F|  |TAMS 0x0000000611c00000| PB 0x0000000611c00000| Untracked 
|  54|0x0000000612000000, 0x0000000612000000, 0x0000000612400000|  0%| F|  |TAMS 0x0000000612000000| PB 0x0000000612000000| Untracked 
|  55|0x0000000612400000, 0x0000000612400000, 0x0000000612800000|  0%| F|  |TAMS 0x0000000612400000| PB 0x0000000612400000| Untracked 
|  56|0x0000000612800000, 0x0000000612800000, 0x0000000612c00000|  0%| F|  |TAMS 0x0000000612800000| PB 0x0000000612800000| Untracked 
|  57|0x0000000612c00000, 0x0000000612c00000, 0x0000000613000000|  0%| F|  |TAMS 0x0000000612c00000| PB 0x0000000612c00000| Untracked 
|  58|0x0000000613000000, 0x0000000613000000, 0x0000000613400000|  0%| F|  |TAMS 0x0000000613000000| PB 0x0000000613000000| Untracked 
|  59|0x0000000613400000, 0x0000000613400000, 0x0000000613800000|  0%| F|  |TAMS 0x0000000613400000| PB 0x0000000613400000| Untracked 
|  60|0x0000000613800000, 0x0000000613800000, 0x0000000613c00000|  0%| F|  |TAMS 0x0000000613800000| PB 0x0000000613800000| Untracked 
|  61|0x0000000613c00000, 0x0000000613c00000, 0x0000000614000000|  0%| F|  |TAMS 0x0000000613c00000| PB 0x0000000613c00000| Untracked 
|  62|0x0000000614000000, 0x0000000614000000, 0x0000000614400000|  0%| F|  |TAMS 0x0000000614000000| PB 0x0000000614000000| Untracked 
|  63|0x0000000614400000, 0x0000000614400000, 0x0000000614800000|  0%| F|  |TAMS 0x0000000614400000| PB 0x0000000614400000| Untracked 
|  64|0x0000000614800000, 0x0000000614800000, 0x0000000614c00000|  0%| F|  |TAMS 0x0000000614800000| PB 0x0000000614800000| Untracked 
|  65|0x0000000614c00000, 0x0000000614c00000, 0x0000000615000000|  0%| F|  |TAMS 0x0000000614c00000| PB 0x0000000614c00000| Untracked 
|  66|0x0000000615000000, 0x0000000615000000, 0x0000000615400000|  0%| F|  |TAMS 0x0000000615000000| PB 0x0000000615000000| Untracked 
|  67|0x0000000615400000, 0x0000000615400000, 0x0000000615800000|  0%| F|  |TAMS 0x0000000615400000| PB 0x0000000615400000| Untracked 
|  68|0x0000000615800000, 0x0000000615800000, 0x0000000615c00000|  0%| F|  |TAMS 0x0000000615800000| PB 0x0000000615800000| Untracked 
|  69|0x0000000615c00000, 0x0000000615c00000, 0x0000000616000000|  0%| F|  |TAMS 0x0000000615c00000| PB 0x0000000615c00000| Untracked 
|  70|0x0000000616000000, 0x0000000616000000, 0x0000000616400000|  0%| F|  |TAMS 0x0000000616000000| PB 0x0000000616000000| Untracked 
|  71|0x0000000616400000, 0x0000000616400000, 0x0000000616800000|  0%| F|  |TAMS 0x0000000616400000| PB 0x0000000616400000| Untracked 
|  72|0x0000000616800000, 0x0000000616800000, 0x0000000616c00000|  0%| F|  |TAMS 0x0000000616800000| PB 0x0000000616800000| Untracked 
|  73|0x0000000616c00000, 0x0000000616c00000, 0x0000000617000000|  0%| F|  |TAMS 0x0000000616c00000| PB 0x0000000616c00000| Untracked 
|  74|0x0000000617000000, 0x0000000617000000, 0x0000000617400000|  0%| F|  |TAMS 0x0000000617000000| PB 0x0000000617000000| Untracked 
|  75|0x0000000617400000, 0x0000000617400000, 0x0000000617800000|  0%| F|  |TAMS 0x0000000617400000| PB 0x0000000617400000| Untracked 
|  76|0x0000000617800000, 0x0000000617800000, 0x0000000617c00000|  0%| F|  |TAMS 0x0000000617800000| PB 0x0000000617800000| Untracked 
|  77|0x0000000617c00000, 0x0000000617c00000, 0x0000000618000000|  0%| F|  |TAMS 0x0000000617c00000| PB 0x0000000617c00000| Untracked 
|  78|0x0000000618000000, 0x0000000618000000, 0x0000000618400000|  0%| F|  |TAMS 0x0000000618000000| PB 0x0000000618000000| Untracked 
|  79|0x0000000618400000, 0x0000000618400000, 0x0000000618800000|  0%| F|  |TAMS 0x0000000618400000| PB 0x0000000618400000| Untracked 
|  80|0x0000000618800000, 0x0000000618800000, 0x0000000618c00000|  0%| F|  |TAMS 0x0000000618800000| PB 0x0000000618800000| Untracked 
|  81|0x0000000618c00000, 0x0000000618c00000, 0x0000000619000000|  0%| F|  |TAMS 0x0000000618c00000| PB 0x0000000618c00000| Untracked 
|  82|0x0000000619000000, 0x0000000619000000, 0x0000000619400000|  0%| F|  |TAMS 0x0000000619000000| PB 0x0000000619000000| Untracked 
|  83|0x0000000619400000, 0x0000000619400000, 0x0000000619800000|  0%| F|  |TAMS 0x0000000619400000| PB 0x0000000619400000| Untracked 
|  84|0x0000000619800000, 0x0000000619800000, 0x0000000619c00000|  0%| F|  |TAMS 0x0000000619800000| PB 0x0000000619800000| Untracked 
|  85|0x0000000619c00000, 0x0000000619c00000, 0x000000061a000000|  0%| F|  |TAMS 0x0000000619c00000| PB 0x0000000619c00000| Untracked 
|  86|0x000000061a000000, 0x000000061a000000, 0x000000061a400000|  0%| F|  |TAMS 0x000000061a000000| PB 0x000000061a000000| Untracked 
|  87|0x000000061a400000, 0x000000061a400000, 0x000000061a800000|  0%| F|  |TAMS 0x000000061a400000| PB 0x000000061a400000| Untracked 
|  88|0x000000061a800000, 0x000000061a800000, 0x000000061ac00000|  0%| F|  |TAMS 0x000000061a800000| PB 0x000000061a800000| Untracked 
|  89|0x000000061ac00000, 0x000000061ac00000, 0x000000061b000000|  0%| F|  |TAMS 0x000000061ac00000| PB 0x000000061ac00000| Untracked 
|  90|0x000000061b000000, 0x000000061b000000, 0x000000061b400000|  0%| F|  |TAMS 0x000000061b000000| PB 0x000000061b000000| Untracked 
|  91|0x000000061b400000, 0x000000061b400000, 0x000000061b800000|  0%| F|  |TAMS 0x000000061b400000| PB 0x000000061b400000| Untracked 
|  92|0x000000061b800000, 0x000000061b800000, 0x000000061bc00000|  0%| F|  |TAMS 0x000000061b800000| PB 0x000000061b800000| Untracked 
|  93|0x000000061bc00000, 0x000000061bc00000, 0x000000061c000000|  0%| F|  |TAMS 0x000000061bc00000| PB 0x000000061bc00000| Untracked 
|  94|0x000000061c000000, 0x000000061c000000, 0x000000061c400000|  0%| F|  |TAMS 0x000000061c000000| PB 0x000000061c000000| Untracked 
|  95|0x000000061c400000, 0x000000061c400000, 0x000000061c800000|  0%| F|  |TAMS 0x000000061c400000| PB 0x000000061c400000| Untracked 
|  96|0x000000061c800000, 0x000000061c800000, 0x000000061cc00000|  0%| F|  |TAMS 0x000000061c800000| PB 0x000000061c800000| Untracked 
|  97|0x000000061cc00000, 0x000000061cc00000, 0x000000061d000000|  0%| F|  |TAMS 0x000000061cc00000| PB 0x000000061cc00000| Untracked 
|  98|0x000000061d000000, 0x000000061d000000, 0x000000061d400000|  0%| F|  |TAMS 0x000000061d000000| PB 0x000000061d000000| Untracked 
|  99|0x000000061d400000, 0x000000061d400000, 0x000000061d800000|  0%| F|  |TAMS 0x000000061d400000| PB 0x000000061d400000| Untracked 
| 100|0x000000061d800000, 0x000000061d800000, 0x000000061dc00000|  0%| F|  |TAMS 0x000000061d800000| PB 0x000000061d800000| Untracked 
| 101|0x000000061dc00000, 0x000000061dc00000, 0x000000061e000000|  0%| F|  |TAMS 0x000000061dc00000| PB 0x000000061dc00000| Untracked 
| 102|0x000000061e000000, 0x000000061e000000, 0x000000061e400000|  0%| F|  |TAMS 0x000000061e000000| PB 0x000000061e000000| Untracked 
| 103|0x000000061e400000, 0x000000061e400000, 0x000000061e800000|  0%| F|  |TAMS 0x000000061e400000| PB 0x000000061e400000| Untracked 
| 104|0x000000061e800000, 0x000000061e800000, 0x000000061ec00000|  0%| F|  |TAMS 0x000000061e800000| PB 0x000000061e800000| Untracked 
| 105|0x000000061ec00000, 0x000000061ec00000, 0x000000061f000000|  0%| F|  |TAMS 0x000000061ec00000| PB 0x000000061ec00000| Untracked 
| 106|0x000000061f000000, 0x000000061f000000, 0x000000061f400000|  0%| F|  |TAMS 0x000000061f000000| PB 0x000000061f000000| Untracked 
| 107|0x000000061f400000, 0x000000061f400000, 0x000000061f800000|  0%| F|  |TAMS 0x000000061f400000| PB 0x000000061f400000| Untracked 
| 108|0x000000061f800000, 0x000000061f800000, 0x000000061fc00000|  0%| F|  |TAMS 0x000000061f800000| PB 0x000000061f800000| Untracked 
| 109|0x000000061fc00000, 0x000000061fc00000, 0x0000000620000000|  0%| F|  |TAMS 0x000000061fc00000| PB 0x000000061fc00000| Untracked 
| 110|0x0000000620000000, 0x0000000620000000, 0x0000000620400000|  0%| F|  |TAMS 0x0000000620000000| PB 0x0000000620000000| Untracked 
| 111|0x0000000620400000, 0x0000000620400000, 0x0000000620800000|  0%| F|  |TAMS 0x0000000620400000| PB 0x0000000620400000| Untracked 
| 112|0x0000000620800000, 0x0000000620800000, 0x0000000620c00000|  0%| F|  |TAMS 0x0000000620800000| PB 0x0000000620800000| Untracked 
| 113|0x0000000620c00000, 0x0000000620c00000, 0x0000000621000000|  0%| F|  |TAMS 0x0000000620c00000| PB 0x0000000620c00000| Untracked 
| 114|0x0000000621000000, 0x0000000621400000, 0x0000000621400000|100%| S|CS|TAMS 0x0000000621000000| PB 0x0000000621000000| Complete 
| 115|0x0000000621400000, 0x0000000621800000, 0x0000000621800000|100%| S|CS|TAMS 0x0000000621400000| PB 0x0000000621400000| Complete 
| 116|0x0000000621800000, 0x0000000621800000, 0x0000000621c00000|  0%| F|  |TAMS 0x0000000621800000| PB 0x0000000621800000| Untracked 
| 117|0x0000000621c00000, 0x0000000621c00000, 0x0000000622000000|  0%| F|  |TAMS 0x0000000621c00000| PB 0x0000000621c00000| Untracked 
| 118|0x0000000622000000, 0x0000000622000000, 0x0000000622400000|  0%| F|  |TAMS 0x0000000622000000| PB 0x0000000622000000| Untracked 
| 119|0x0000000622400000, 0x0000000622400000, 0x0000000622800000|  0%| F|  |TAMS 0x0000000622400000| PB 0x0000000622400000| Untracked 
| 120|0x0000000622800000, 0x0000000622800000, 0x0000000622c00000|  0%| F|  |TAMS 0x0000000622800000| PB 0x0000000622800000| Untracked 
| 121|0x0000000622c00000, 0x0000000622c00000, 0x0000000623000000|  0%| F|  |TAMS 0x0000000622c00000| PB 0x0000000622c00000| Untracked 
| 122|0x0000000623000000, 0x0000000623000000, 0x0000000623400000|  0%| F|  |TAMS 0x0000000623000000| PB 0x0000000623000000| Untracked 
| 123|0x0000000623400000, 0x0000000623400000, 0x0000000623800000|  0%| F|  |TAMS 0x0000000623400000| PB 0x0000000623400000| Untracked 
| 124|0x0000000623800000, 0x0000000623800000, 0x0000000623c00000|  0%| F|  |TAMS 0x0000000623800000| PB 0x0000000623800000| Untracked 
| 125|0x0000000623c00000, 0x0000000623e125d0, 0x0000000624000000| 51%| E|  |TAMS 0x0000000623c00000| PB 0x0000000623c00000| Complete 
| 126|0x0000000624000000, 0x0000000624400000, 0x0000000624400000|100%| E|CS|TAMS 0x0000000624000000| PB 0x0000000624000000| Complete 

Card table byte_map: [0x0000020ba22e0000,0x0000020ba32c0000] _byte_map_base: 0x0000020b9f2bc000

Marking Bits: (CMBitMap*) 0x0000020b899fa4f0
 Bits: [0x0000020ba32c0000, 0x0000020bab1a0000)

Polling page: 0x0000020b87890000

Metaspace:

Usage:
  Non-class:     11.96 MB used.
      Class:      1.84 MB used.
       Both:     13.80 MB used.

Virtual space:
  Non-class space:       64.00 MB reserved,      12.12 MB ( 19%) committed,  1 nodes.
      Class space:        1.00 GB reserved,       2.00 MB ( <1%) committed,  1 nodes.
             Both:        1.06 GB reserved,      14.12 MB (  1%) committed. 

Chunk freelists:
   Non-Class:  3.77 MB
       Class:  13.89 MB
        Both:  17.66 MB

MaxMetaspaceSize: unlimited
CompressedClassSpaceSize: 1.00 GB
Initial GC threshold: 21.00 MB
Current GC threshold: 21.00 MB
CDS: on
 - commit_granule_bytes: 65536.
 - commit_granule_words: 8192.
 - virtual_space_node_default_size: 8388608.
 - enlarge_chunks_in_place: 1.
 - use_allocation_guard: 0.


Internal statistics:

num_allocs_failed_limit: 0.
num_arena_births: 322.
num_arena_deaths: 0.
num_vsnodes_births: 2.
num_vsnodes_deaths: 0.
num_space_committed: 226.
num_space_uncommitted: 0.
num_chunks_returned_to_freelist: 0.
num_chunks_taken_from_freelist: 758.
num_chunk_merges: 0.
num_chunk_splits: 520.
num_chunks_enlarged: 387.
num_inconsistent_stats: 0.

CodeHeap 'non-profiled nmethods': size=120000Kb used=883Kb max_used=883Kb free=119116Kb
 bounds [0x0000020b99870000, 0x0000020b99ae0000, 0x0000020ba0da0000]
CodeHeap 'profiled nmethods': size=120000Kb used=4244Kb max_used=4244Kb free=115755Kb
 bounds [0x0000020b91da0000, 0x0000020b921d0000, 0x0000020b992d0000]
CodeHeap 'non-nmethods': size=5760Kb used=2022Kb max_used=2044Kb free=3737Kb
 bounds [0x0000020b992d0000, 0x0000020b99540000, 0x0000020b99870000]
 total_blobs=3156 nmethods=2352 adapters=708
 compilation: enabled
              stopped_count=0, restarted_count=0
 full_count=0

Compilation events (20 events):
Event: 4.352 Thread 0x0000020bf3008090 2343       4       javafx.scene.Node::getLocalBounds (162 bytes)
Event: 4.354 Thread 0x0000020bf3008090 nmethod 2343 0x0000020b99949390 code [0x0000020b999495c0, 0x0000020b99949ac8]
Event: 4.362 Thread 0x0000020bf300e050 2344       3       com.sun.javafx.tk.quantum.QuantumToolkit::postPulse (133 bytes)
Event: 4.363 Thread 0x0000020bf300e050 nmethod 2344 0x0000020b921c2290 code [0x0000020b921c2640, 0x0000020b921c3be0]
Event: 4.408 Thread 0x0000020bf3008090 2345       4       java.util.EnumMap$ValueIterator::next (50 bytes)
Event: 4.409 Thread 0x0000020bf3008090 nmethod 2345 0x0000020b99949e90 code [0x0000020b9994a040, 0x0000020b9994a290]
Event: 4.475 Thread 0x0000020bf300e050 2346       3       com.sun.javafx.tk.quantum.QuantumToolkit$$Lambda/0x0000020baf03cc38::run (8 bytes)
Event: 4.475 Thread 0x0000020bf300e050 nmethod 2346 0x0000020b921c4310 code [0x0000020b921c4500, 0x0000020b921c48a8]
Event: 4.475 Thread 0x0000020bf300e050 2347   !   3       com.sun.javafx.tk.quantum.QuantumToolkit::lambda$runToolkit$12 (16 bytes)
Event: 4.475 Thread 0x0000020bf300e050 nmethod 2347 0x0000020b921c4a90 code [0x0000020b921c4c80, 0x0000020b921c4fc8]
Event: 4.558 Thread 0x0000020bf3008090 2348   !   4       javafx.scene.Node::intersectsBounds (1005 bytes)
Event: 4.563 Thread 0x0000020bf3008090 nmethod 2348 0x0000020b9994a490 code [0x0000020b9994a700, 0x0000020b9994b2f0]
Event: 4.612 Thread 0x0000020bf3008090 2349       4       com.sun.javafx.event.EventDispatchChainImpl::dispatchEvent (101 bytes)
Event: 4.612 Thread 0x0000020bf3008090 nmethod 2349 0x0000020b9994be90 code [0x0000020b9994c020, 0x0000020b9994c200]
Event: 4.852 Thread 0x0000020bf3008090 2350       4       com.sun.javafx.geom.PickRay::setDirection (12 bytes)
Event: 4.852 Thread 0x0000020bf3008090 nmethod 2350 0x0000020b9994c390 code [0x0000020b9994c520, 0x0000020b9994c5e0]
Event: 7.341 Thread 0x0000020bf300e050 2351       1       java.util.concurrent.CopyOnWriteArrayList::setArray (6 bytes)
Event: 7.341 Thread 0x0000020bf3008090 2352       4       java.lang.ref.Reference::refersTo (6 bytes)
Event: 7.341 Thread 0x0000020bf300e050 nmethod 2351 0x0000020b9994c690 code [0x0000020b9994c820, 0x0000020b9994c940]
Event: 7.341 Thread 0x0000020bf3008090 nmethod 2352 0x0000020b9994c990 code [0x0000020b9994cb20, 0x0000020b9994cbd0]

GC Heap History (4 events):
Event: 0.394 GC heap before
{Heap before GC invocations=0 (full 0):
 garbage-first heap   total 520192K, used 20480K [0x0000000604800000, 0x0000000800000000)
  region size 4096K, 6 young (24576K), 0 survivors (0K)
 Metaspace       used 4517K, committed 4672K, reserved 1114112K
  class space    used 510K, committed 576K, reserved 1048576K
}
Event: 0.396 GC heap after
{Heap after GC invocations=1 (full 0):
 garbage-first heap   total 520192K, used 3313K [0x0000000604800000, 0x0000000800000000)
  region size 4096K, 1 young (4096K), 1 survivors (4096K)
 Metaspace       used 4517K, committed 4672K, reserved 1114112K
  class space    used 510K, committed 576K, reserved 1048576K
}
Event: 1.585 GC heap before
{Heap before GC invocations=1 (full 0):
 garbage-first heap   total 520192K, used 44273K [0x0000000604800000, 0x0000000800000000)
  region size 4096K, 11 young (45056K), 1 survivors (4096K)
 Metaspace       used 13641K, committed 13952K, reserved 1114112K
  class space    used 1839K, committed 1984K, reserved 1048576K
}
Event: 1.589 GC heap after
{Heap after GC invocations=2 (full 0):
 garbage-first heap   total 520192K, used 8963K [0x0000000604800000, 0x0000000800000000)
  region size 4096K, 2 young (8192K), 2 survivors (8192K)
 Metaspace       used 13641K, committed 13952K, reserved 1114112K
  class space    used 1839K, committed 1984K, reserved 1048576K
}

Dll operation events (20 events):
Event: 0.233 Loaded shared library C:\Users\ggfhf\.openjfx\cache\21.0.1+6\amd64\api-ms-win-crt-locale-l1-1-0.dll
Event: 0.234 Loaded shared library C:\Users\ggfhf\.openjfx\cache\21.0.1+6\amd64\api-ms-win-crt-math-l1-1-0.dll
Event: 0.236 Loaded shared library C:\Users\ggfhf\.openjfx\cache\21.0.1+6\amd64\api-ms-win-crt-multibyte-l1-1-0.dll
Event: 0.238 Loaded shared library C:\Users\ggfhf\.openjfx\cache\21.0.1+6\amd64\api-ms-win-crt-private-l1-1-0.dll
Event: 0.240 Loaded shared library C:\Users\ggfhf\.openjfx\cache\21.0.1+6\amd64\api-ms-win-crt-process-l1-1-0.dll
Event: 0.242 Loaded shared library C:\Users\ggfhf\.openjfx\cache\21.0.1+6\amd64\api-ms-win-crt-runtime-l1-1-0.dll
Event: 0.244 Loaded shared library C:\Users\ggfhf\.openjfx\cache\21.0.1+6\amd64\api-ms-win-crt-stdio-l1-1-0.dll
Event: 0.245 Loaded shared library C:\Users\ggfhf\.openjfx\cache\21.0.1+6\amd64\api-ms-win-crt-string-l1-1-0.dll
Event: 0.247 Loaded shared library C:\Users\ggfhf\.openjfx\cache\21.0.1+6\amd64\api-ms-win-crt-time-l1-1-0.dll
Event: 0.249 Loaded shared library C:\Users\ggfhf\.openjfx\cache\21.0.1+6\amd64\api-ms-win-crt-utility-l1-1-0.dll
Event: 0.258 Loaded shared library C:\Users\ggfhf\.openjfx\cache\21.0.1+6\amd64\ucrtbase.dll
Event: 0.261 Loaded shared library C:\Users\ggfhf\.openjfx\cache\21.0.1+6\amd64\vcruntime140.dll
Event: 0.263 Loaded shared library C:\Users\ggfhf\.openjfx\cache\21.0.1+6\amd64\vcruntime140_1.dll
Event: 0.269 Loaded shared library C:\Users\ggfhf\.openjfx\cache\21.0.1+6\amd64\msvcp140.dll
Event: 0.271 Loaded shared library C:\Users\ggfhf\.openjfx\cache\21.0.1+6\amd64\msvcp140_1.dll
Event: 0.274 Loaded shared library C:\Users\ggfhf\.openjfx\cache\21.0.1+6\amd64\msvcp140_2.dll
Event: 0.306 Loaded shared library C:\Users\ggfhf\.openjfx\cache\21.0.1+6\amd64\prism_d3d.dll
Event: 0.338 Loaded shared library C:\Users\ggfhf\.openjfx\cache\21.0.1+6\amd64\glass.dll
Event: 0.401 Loaded shared library C:\Users\ggfhf\.jdks\openjdk-21.0.1\bin\jimage.dll
Event: 0.479 Loaded shared library C:\Users\ggfhf\.openjfx\cache\21.0.1+6\amd64\javafx_font.dll

Deoptimization events (20 events):
Event: 1.564 Thread 0x0000020bf3a2e880 Uncommon trap: trap_request=0xffffff45 fr.pc=0x0000020b998f8ab0 relative=0x0000000000000190
Event: 1.564 Thread 0x0000020bf3a2e880 Uncommon trap: reason=unstable_if action=reinterpret pc=0x0000020b998f8ab0 method=java.lang.String.equals(Ljava/lang/Object;)Z @ 33 c2
Event: 1.564 Thread 0x0000020bf3a2e880 DEOPT PACKING pc=0x0000020b998f8ab0 sp=0x0000009b589fc3c0
Event: 1.564 Thread 0x0000020bf3a2e880 DEOPT UNPACKING pc=0x0000020b99327da2 sp=0x0000009b589fc350 mode 2
Event: 1.604 Thread 0x0000020bf3a2e880 Uncommon trap: trap_request=0xffffffc6 fr.pc=0x0000020b998c8e84 relative=0x0000000000000324
Event: 1.604 Thread 0x0000020bf3a2e880 Uncommon trap: reason=bimorphic_or_optimized_type_check action=maybe_recompile pc=0x0000020b998c8e84 method=java.util.concurrent.ConcurrentHashMap.get(Ljava/lang/Object;)Ljava/lang/Object; @ 149 c2
Event: 1.604 Thread 0x0000020bf3a2e880 DEOPT PACKING pc=0x0000020b998c8e84 sp=0x0000009b589fbe80
Event: 1.604 Thread 0x0000020bf3a2e880 DEOPT UNPACKING pc=0x0000020b99327da2 sp=0x0000009b589fbdf0 mode 2
Event: 1.604 Thread 0x0000020bf3a2e880 Uncommon trap: trap_request=0xffffffc6 fr.pc=0x0000020b998c8e84 relative=0x0000000000000324
Event: 1.604 Thread 0x0000020bf3a2e880 Uncommon trap: reason=bimorphic_or_optimized_type_check action=maybe_recompile pc=0x0000020b998c8e84 method=java.util.concurrent.ConcurrentHashMap.get(Ljava/lang/Object;)Ljava/lang/Object; @ 149 c2
Event: 1.604 Thread 0x0000020bf3a2e880 DEOPT PACKING pc=0x0000020b998c8e84 sp=0x0000009b589fbee0
Event: 1.604 Thread 0x0000020bf3a2e880 DEOPT UNPACKING pc=0x0000020b99327da2 sp=0x0000009b589fbe50 mode 2
Event: 1.607 Thread 0x0000020bf3a2e880 Uncommon trap: trap_request=0xffffffc6 fr.pc=0x0000020b998c8e84 relative=0x0000000000000324
Event: 1.607 Thread 0x0000020bf3a2e880 Uncommon trap: reason=bimorphic_or_optimized_type_check action=maybe_recompile pc=0x0000020b998c8e84 method=java.util.concurrent.ConcurrentHashMap.get(Ljava/lang/Object;)Ljava/lang/Object; @ 149 c2
Event: 1.607 Thread 0x0000020bf3a2e880 DEOPT PACKING pc=0x0000020b998c8e84 sp=0x0000009b589fbe20
Event: 1.607 Thread 0x0000020bf3a2e880 DEOPT UNPACKING pc=0x0000020b99327da2 sp=0x0000009b589fbd90 mode 2
Event: 4.339 Thread 0x0000020bf3a2e880 Uncommon trap: trap_request=0xffffff45 fr.pc=0x0000020b999462a4 relative=0x00000000000002a4
Event: 4.339 Thread 0x0000020bf3a2e880 Uncommon trap: reason=unstable_if action=reinterpret pc=0x0000020b999462a4 method=com.sun.javafx.event.EventHandlerManager.dispatchBubblingEvent(Ljavafx/event/EventType;Ljavafx/event/Event;)Ljavafx/event/Event; @ 22 c2
Event: 4.339 Thread 0x0000020bf3a2e880 DEOPT PACKING pc=0x0000020b999462a4 sp=0x0000009b589f6910
Event: 4.339 Thread 0x0000020bf3a2e880 DEOPT UNPACKING pc=0x0000020b99327da2 sp=0x0000009b589f68b0 mode 2

Classes loaded (20 events):
Event: 1.053 Loading class java/time/DayOfWeek
Event: 1.053 Loading class java/time/DayOfWeek done
Event: 1.053 Loading class java/time/zone/ZoneOffsetTransitionRule$TimeDefinition
Event: 1.053 Loading class java/time/zone/ZoneOffsetTransitionRule$TimeDefinition done
Event: 1.053 Loading class java/time/zone/ZoneOffsetTransition
Event: 1.053 Loading class java/time/zone/ZoneOffsetTransition done
Event: 1.054 Loading class sun/util/cldr/CLDRBaseLocaleDataMetaInfo$TZCanonicalIDMapHolder
Event: 1.054 Loading class sun/util/cldr/CLDRBaseLocaleDataMetaInfo$TZCanonicalIDMapHolder done
Event: 1.055 Loading class sun/util/resources/TimeZoneNames
Event: 1.055 Loading class sun/util/resources/TimeZoneNames done
Event: 1.055 Loading class sun/util/resources/TimeZoneNames_en
Event: 1.055 Loading class sun/util/resources/TimeZoneNames_en done
Event: 1.452 Loading class java/io/UnsupportedEncodingException
Event: 1.452 Loading class java/io/UnsupportedEncodingException done
Event: 1.577 Loading class java/math/BigDecimal
Event: 1.577 Loading class java/math/BigDecimal done
Event: 1.584 Loading class java/io/CharArrayReader
Event: 1.584 Loading class java/io/CharArrayReader done
Event: 7.340 Loading class jdk/internal/misc/Signal$1
Event: 7.340 Loading class jdk/internal/misc/Signal$1 done

Classes unloaded (0 events):
No events

Classes redefined (0 events):
No events

Internal exceptions (20 events):
Event: 0.582 Thread 0x0000020bf3a2e880 Exception <a 'java/lang/NoSuchMethodError'{0x00000006237b3260}: 'void java.lang.invoke.DirectMethodHandle$Holder.invokeSpecial(java.lang.Object, java.lang.Object, int)'> (0x00000006237b3260) 
thrown [s\open\src\hotspot\share\interpreter\linkResolver.cpp, line 773]
Event: 0.582 Thread 0x0000020bf3a2e880 Exception <a 'java/lang/NoSuchMethodError'{0x00000006237b76a0}: 'int java.lang.invoke.DirectMethodHandle$Holder.invokeSpecial(java.lang.Object, java.lang.Object, java.lang.Object, int)'> (0x00000006237b76a0) 
thrown [s\open\src\hotspot\share\interpreter\linkResolver.cpp, line 773]
Event: 0.584 Thread 0x0000020bf3a2e880 Exception <a 'java/lang/NoSuchMethodError'{0x00000006237c98e0}: 'java.lang.Object java.lang.invoke.DirectMethodHandle$Holder.invokeStatic(java.lang.Object, java.lang.Object, java.lang.Object, java.lang.Object, int)'> (0x00000006237c98e0) 
thrown [s\open\src\hotspot\share\interpreter\linkResolver.cpp, line 773]
Event: 0.584 Thread 0x0000020bf3a2e880 Exception <a 'java/lang/NoSuchMethodError'{0x00000006237d46c0}: 'void java.lang.invoke.DelegatingMethodHandle$Holder.reinvoke_L(java.lang.Object, java.lang.Object, int)'> (0x00000006237d46c0) 
thrown [s\open\src\hotspot\share\interpreter\linkResolver.cpp, line 773]
Event: 0.585 Thread 0x0000020bf3a2e880 Exception <a 'java/lang/NoSuchMethodError'{0x00000006237d80e8}: 'int java.lang.invoke.DirectMethodHandle$Holder.invokeSpecial(java.lang.Object, java.lang.Object, java.lang.Object)'> (0x00000006237d80e8) 
thrown [s\open\src\hotspot\share\interpreter\linkResolver.cpp, line 773]
Event: 0.586 Thread 0x0000020bf3a2e880 Exception <a 'java/lang/NoSuchMethodError'{0x00000006237e5c88}: 'void java.lang.invoke.DirectMethodHandle$Holder.invokeSpecial(java.lang.Object, java.lang.Object, double)'> (0x00000006237e5c88) 
thrown [s\open\src\hotspot\share\interpreter\linkResolver.cpp, line 773]
Event: 0.587 Thread 0x0000020bf3a2e880 Exception <a 'java/lang/NoSuchMethodError'{0x00000006237f05a0}: 'double java.lang.invoke.DelegatingMethodHandle$Holder.reinvoke_L(java.lang.Object, java.lang.Object, int)'> (0x00000006237f05a0) 
thrown [s\open\src\hotspot\share\interpreter\linkResolver.cpp, line 773]
Event: 0.587 Thread 0x0000020bf3a2e880 Exception <a 'java/lang/NoSuchMethodError'{0x00000006237fa278}: 'void java.lang.invoke.DelegatingMethodHandle$Holder.reinvoke_L(java.lang.Object, java.lang.Object, double)'> (0x00000006237fa278) 
thrown [s\open\src\hotspot\share\interpreter\linkResolver.cpp, line 773]
Event: 0.629 Thread 0x0000020bf3a2e880 Implicit null exception at 0x0000020b99891be6 to 0x0000020b99891c8a
Event: 0.685 Thread 0x0000020bf3a2e880 Implicit null exception at 0x0000020b998d5fbd to 0x0000020b998d6208
Event: 0.687 Thread 0x0000020bf3a2e880 Implicit null exception at 0x0000020b998d47bd to 0x0000020b998d4a20
Event: 0.719 Thread 0x0000020bf3a2e880 Exception <a 'java/lang/NoSuchMethodError'{0x00000006226f6250}: 'java.lang.Object java.lang.invoke.DirectMethodHandle$Holder.invokeInterface(java.lang.Object, java.lang.Object, java.lang.Object)'> (0x00000006226f6250) 
thrown [s\open\src\hotspot\share\interpreter\linkResolver.cpp, line 773]
Event: 0.719 Thread 0x0000020bf3a2e880 Exception <a 'java/lang/IncompatibleClassChangeError'{0x00000006226f98f8}: Found class java.lang.Object, but interface was expected> (0x00000006226f98f8) 
thrown [s\open\src\hotspot\share\interpreter\linkResolver.cpp, line 840]
Event: 0.742 Thread 0x0000020bf3a2e880 Exception <a 'java/lang/NoSuchMethodError'{0x0000000622020f20}: 'int java.lang.invoke.DirectMethodHandle$Holder.invokeSpecial(java.lang.Object, java.lang.Object, int)'> (0x0000000622020f20) 
thrown [s\open\src\hotspot\share\interpreter\linkResolver.cpp, line 773]
Event: 0.750 Thread 0x0000020bf3a2e880 Exception <a 'java/lang/NoSuchMethodError'{0x0000000622089f40}: 'java.lang.Object java.lang.invoke.DirectMethodHandle$Holder.newInvokeSpecial(java.lang.Object, java.lang.Object, int)'> (0x0000000622089f40) 
thrown [s\open\src\hotspot\share\interpreter\linkResolver.cpp, line 773]
Event: 0.784 Thread 0x0000020bf384cd60 Exception <a 'java/lang/NoSuchMethodError'{0x0000000622181808}: 'int java.lang.invoke.DirectMethodHandle$Holder.invokeStaticInit(java.lang.Object, java.lang.Object)'> (0x0000000622181808) 
thrown [s\open\src\hotspot\share\interpreter\linkResolver.cpp, line 773]
Event: 1.468 Thread 0x0000020bf3a2e880 Exception <a 'java/lang/NoSuchMethodError'{0x00000006219d5138}: 'long java.lang.invoke.DirectMethodHandle$Holder.invokeStatic(java.lang.Object, java.lang.Object, java.lang.Object)'> (0x00000006219d5138) 
thrown [s\open\src\hotspot\share\interpreter\linkResolver.cpp, line 773]
Event: 1.468 Thread 0x0000020bf3a2e880 Exception <a 'java/lang/NoSuchMethodError'{0x00000006219d8508}: 'long java.lang.invoke.DirectMethodHandle$Holder.invokeStaticInit(java.lang.Object, java.lang.Object, java.lang.Object)'> (0x00000006219d8508) 
thrown [s\open\src\hotspot\share\interpreter\linkResolver.cpp, line 773]
Event: 1.469 Thread 0x0000020bf3a2e880 Exception <a 'java/lang/NoSuchMethodError'{0x00000006219ecb00}: 'java.lang.Object java.lang.invoke.DirectMethodHandle$Holder.newInvokeSpecial(java.lang.Object, java.lang.Object, long)'> (0x00000006219ecb00) 
thrown [s\open\src\hotspot\share\interpreter\linkResolver.cpp, line 773]
Event: 1.469 Thread 0x0000020bf3a2e880 Exception <a 'java/lang/NoSuchMethodError'{0x00000006219f03f8}: 'java.lang.Object java.lang.invoke.Invokers$Holder.linkToTargetMethod(java.lang.Object, long, java.lang.Object)'> (0x00000006219f03f8) 
thrown [s\open\src\hotspot\share\interpreter\linkResolver.cpp, line 773]

ZGC Phase Switch (0 events):
No events

VM Operations (20 events):
Event: 0.334 Executing VM operation: HandshakeAllThreads (Deoptimize) done
Event: 0.394 Executing VM operation: G1CollectForAllocation (G1 Evacuation Pause)
Event: 0.396 Executing VM operation: G1CollectForAllocation (G1 Evacuation Pause) done
Event: 0.482 Executing VM operation: HandshakeAllThreads (Deoptimize)
Event: 0.483 Executing VM operation: HandshakeAllThreads (Deoptimize) done
Event: 0.699 Executing VM operation: ICBufferFull
Event: 0.699 Executing VM operation: ICBufferFull done
Event: 1.383 Executing VM operation: HandshakeAllThreads (Deoptimize)
Event: 1.383 Executing VM operation: HandshakeAllThreads (Deoptimize) done
Event: 1.554 Executing VM operation: HandshakeAllThreads (Deoptimize)
Event: 1.554 Executing VM operation: HandshakeAllThreads (Deoptimize) done
Event: 1.585 Executing VM operation: G1CollectForAllocation (G1 Evacuation Pause)
Event: 1.589 Executing VM operation: G1CollectForAllocation (G1 Evacuation Pause) done
Event: 3.369 Executing VM operation: ICBufferFull
Event: 3.369 Executing VM operation: ICBufferFull done
Event: 4.369 Executing VM operation: Cleanup
Event: 4.369 Executing VM operation: Cleanup done
Event: 5.370 Executing VM operation: Cleanup
Event: 5.371 Executing VM operation: Cleanup done
Event: 7.342 Executing VM operation: Exit

Events (20 events):
Event: 0.129 Thread 0x0000020bf34870b0 Thread added: 0x0000020bf34870b0
Event: 0.129 Thread 0x0000020bf3487720 Thread added: 0x0000020bf3487720
Event: 0.299 Thread 0x0000020bf384cd60 Thread added: 0x0000020bf384cd60
Event: 0.340 Thread 0x0000020bf3a0d080 Thread added: 0x0000020bf3a0d080
Event: 0.342 Thread 0x0000020bf3a2e880 Thread added: 0x0000020bf3a2e880
Event: 0.363 Thread 0x0000020bf33d3040 Thread exited: 0x0000020bf33d3040
Event: 0.383 Thread 0x0000020bf84f0820 Thread added: 0x0000020bf84f0820
Event: 0.396 Thread 0x0000020bf8518050 Thread added: 0x0000020bf8518050
Event: 0.716 Thread 0x0000020bf9161c70 Thread added: 0x0000020bf9161c70
Event: 0.809 Thread 0x0000020bf9160230 Thread added: 0x0000020bf9160230
Event: 0.963 Thread 0x0000020bf31384d0 Thread exited: 0x0000020bf31384d0
Event: 1.049 Thread 0x0000020bf8c7a150 Thread added: 0x0000020bf8c7a150
Event: 1.215 Thread 0x0000020bf8c7a150 Thread exited: 0x0000020bf8c7a150
Event: 1.574 Thread 0x0000020bf90c28c0 Thread added: 0x0000020bf90c28c0
Event: 1.708 Thread 0x0000020bf90c28c0 Thread exited: 0x0000020bf90c28c0
Event: 7.340 Thread 0x0000020bf91636b0 Thread added: 0x0000020bf91636b0
Event: 7.341 Thread 0x0000020bf9162990 Thread added: 0x0000020bf9162990
Event: 7.341 Thread 0x0000020bf91608c0 Thread added: 0x0000020bf91608c0
Event: 7.341 Thread 0x0000020bf91608c0 Thread exited: 0x0000020bf91608c0
Event: 7.342 Thread 0x0000020bf9162990 Thread exited: 0x0000020bf9162990


Dynamic libraries:
0x00007ff6ade10000 - 0x00007ff6ade1e000 	C:\Users\ggfhf\.jdks\openjdk-21.0.1\bin\java.exe
0x00007fff70af0000 - 0x00007fff70d07000 	C:\WINDOWS\SYSTEM32\ntdll.dll
0x00007fff6f2d0000 - 0x00007fff6f394000 	C:\WINDOWS\System32\KERNEL32.DLL
0x00007fff6e3f0000 - 0x00007fff6e797000 	C:\WINDOWS\System32\KERNELBASE.dll
0x00007fff6de70000 - 0x00007fff6df81000 	C:\WINDOWS\System32\ucrtbase.dll
0x00007fff69020000 - 0x00007fff69038000 	C:\Users\ggfhf\.jdks\openjdk-21.0.1\bin\jli.dll
0x00007fff5c090000 - 0x00007fff5c0ab000 	C:\Users\ggfhf\.jdks\openjdk-21.0.1\bin\VCRUNTIME140.dll
0x00007fff6fbf0000 - 0x00007fff6fd9e000 	C:\WINDOWS\System32\USER32.dll
0x00007fff6e7a0000 - 0x00007fff6e7c6000 	C:\WINDOWS\System32\win32u.dll
0x00007fff5ef20000 - 0x00007fff5f1b3000 	C:\WINDOWS\WinSxS\amd64_microsoft.windows.common-controls_6595b64144ccf1df_6.0.22621.2506_none_270c5ae97388e100\COMCTL32.dll
0x00007fff6ff80000 - 0x00007fff6ffa9000 	C:\WINDOWS\System32\GDI32.dll
0x00007fff6e9a0000 - 0x00007fff6ea47000 	C:\WINDOWS\System32\msvcrt.dll
0x00007fff6e000000 - 0x00007fff6e119000 	C:\WINDOWS\System32\gdi32full.dll
0x00007fff6e290000 - 0x00007fff6e32a000 	C:\WINDOWS\System32\msvcp_win.dll
0x00007fff6e8d0000 - 0x00007fff6e901000 	C:\WINDOWS\System32\IMM32.DLL
0x00007fff69090000 - 0x00007fff6909c000 	C:\Users\ggfhf\.jdks\openjdk-21.0.1\bin\vcruntime140_1.dll
0x00007fff34240000 - 0x00007fff342ce000 	C:\Users\ggfhf\.jdks\openjdk-21.0.1\bin\msvcp140.dll
0x00007ffec0140000 - 0x00007ffec0e55000 	C:\Users\ggfhf\.jdks\openjdk-21.0.1\bin\server\jvm.dll
0x00007fff6fe70000 - 0x00007fff6ff20000 	C:\WINDOWS\System32\ADVAPI32.dll
0x00007fff6faa0000 - 0x00007fff6fb46000 	C:\WINDOWS\System32\sechost.dll
0x00007fff6f3a0000 - 0x00007fff6f4b7000 	C:\WINDOWS\System32\RPCRT4.dll
0x00007fff6e850000 - 0x00007fff6e8c1000 	C:\WINDOWS\System32\WS2_32.dll
0x00007fff6d710000 - 0x00007fff6d75d000 	C:\WINDOWS\SYSTEM32\POWRPROF.dll
0x00007fff64970000 - 0x00007fff649a4000 	C:\WINDOWS\SYSTEM32\WINMM.dll
0x00007fff67bb0000 - 0x00007fff67bba000 	C:\WINDOWS\SYSTEM32\VERSION.dll
0x00007fff6d6b0000 - 0x00007fff6d6c3000 	C:\WINDOWS\SYSTEM32\UMPDC.dll
0x00007fff6cdd0000 - 0x00007fff6cde8000 	C:\WINDOWS\SYSTEM32\kernel.appcore.dll
0x00007fff5c170000 - 0x00007fff5c17a000 	C:\Users\ggfhf\.jdks\openjdk-21.0.1\bin\jimage.dll
0x00007fff6b680000 - 0x00007fff6b8b3000 	C:\WINDOWS\SYSTEM32\DBGHELP.DLL
0x00007fff702b0000 - 0x00007fff70639000 	C:\WINDOWS\System32\combase.dll
0x00007fff709c0000 - 0x00007fff70a97000 	C:\WINDOWS\System32\OLEAUT32.dll
0x00007fff5bdc0000 - 0x00007fff5bdf2000 	C:\WINDOWS\SYSTEM32\dbgcore.DLL
0x00007fff6e7d0000 - 0x00007fff6e84a000 	C:\WINDOWS\System32\bcryptPrimitives.dll
0x00007fff54370000 - 0x00007fff5437f000 	C:\Users\ggfhf\.jdks\openjdk-21.0.1\bin\instrument.dll
0x00007fff52dc0000 - 0x00007fff52ddf000 	C:\Users\ggfhf\.jdks\openjdk-21.0.1\bin\java.dll
0x00007fff6ea50000 - 0x00007fff6f2a9000 	C:\WINDOWS\System32\SHELL32.dll
0x00007fff6bd40000 - 0x00007fff6c634000 	C:\WINDOWS\SYSTEM32\windows.storage.dll
0x00007fff6bc00000 - 0x00007fff6bd3e000 	C:\WINDOWS\SYSTEM32\wintypes.dll
0x00007fff701b0000 - 0x00007fff702a3000 	C:\WINDOWS\System32\SHCORE.dll
0x00007fff6ff20000 - 0x00007fff6ff7e000 	C:\WINDOWS\System32\shlwapi.dll
0x00007fff6dda0000 - 0x00007fff6ddc6000 	C:\WINDOWS\SYSTEM32\profapi.dll
0x00007fff340b0000 - 0x00007fff34187000 	C:\Users\ggfhf\.jdks\openjdk-21.0.1\bin\jsvml.dll
0x00007fff52ef0000 - 0x00007fff52f00000 	C:\Users\ggfhf\.jdks\openjdk-21.0.1\bin\net.dll
0x00007fff67820000 - 0x00007fff67957000 	C:\WINDOWS\SYSTEM32\WINHTTP.dll
0x00007fff6d2a0000 - 0x00007fff6d309000 	C:\WINDOWS\system32\mswsock.dll
0x00007fff50610000 - 0x00007fff50626000 	C:\Users\ggfhf\.jdks\openjdk-21.0.1\bin\nio.dll
0x00007fff4f2b0000 - 0x00007fff4f2c8000 	C:\Users\ggfhf\.jdks\openjdk-21.0.1\bin\zip.dll
0x00007fff4f220000 - 0x00007fff4f23a000 	C:\Program Files\JetBrains\IntelliJ IDEA 2023.1.4\bin\breakgen64.dll
0x00007fff52c10000 - 0x00007fff52c17000 	C:\Users\ggfhf\.jdks\openjdk-21.0.1\bin\extnet.dll
0x0000020b89880000 - 0x0000020b89883000 	C:\Users\ggfhf\.openjfx\cache\21.0.1+6\amd64\api-ms-win-core-console-l1-1-0.dll
0x0000020b89890000 - 0x0000020b89893000 	C:\Users\ggfhf\.openjfx\cache\21.0.1+6\amd64\api-ms-win-core-console-l1-2-0.dll
0x0000020b898a0000 - 0x0000020b898a3000 	C:\Users\ggfhf\.openjfx\cache\21.0.1+6\amd64\api-ms-win-core-datetime-l1-1-0.dll
0x0000020b898b0000 - 0x0000020b898b3000 	C:\Users\ggfhf\.openjfx\cache\21.0.1+6\amd64\api-ms-win-core-debug-l1-1-0.dll
0x0000020b898c0000 - 0x0000020b898c3000 	C:\Users\ggfhf\.openjfx\cache\21.0.1+6\amd64\api-ms-win-core-errorhandling-l1-1-0.dll
0x0000020b898d0000 - 0x0000020b898d4000 	C:\Users\ggfhf\.openjfx\cache\21.0.1+6\amd64\api-ms-win-core-file-l1-1-0.dll
0x0000020b898e0000 - 0x0000020b898e3000 	C:\Users\ggfhf\.openjfx\cache\21.0.1+6\amd64\api-ms-win-core-file-l1-2-0.dll
0x0000020b898f0000 - 0x0000020b898f3000 	C:\Users\ggfhf\.openjfx\cache\21.0.1+6\amd64\api-ms-win-core-file-l2-1-0.dll
0x0000020b89900000 - 0x0000020b89903000 	C:\Users\ggfhf\.openjfx\cache\21.0.1+6\amd64\api-ms-win-core-handle-l1-1-0.dll
0x0000020b89910000 - 0x0000020b89913000 	C:\Users\ggfhf\.openjfx\cache\21.0.1+6\amd64\api-ms-win-core-heap-l1-1-0.dll
0x0000020badf60000 - 0x0000020badf63000 	C:\Users\ggfhf\.openjfx\cache\21.0.1+6\amd64\api-ms-win-core-interlocked-l1-1-0.dll
0x0000020badf70000 - 0x0000020badf73000 	C:\Users\ggfhf\.openjfx\cache\21.0.1+6\amd64\api-ms-win-core-libraryloader-l1-1-0.dll
0x0000020badf80000 - 0x0000020badf83000 	C:\Users\ggfhf\.openjfx\cache\21.0.1+6\amd64\api-ms-win-core-localization-l1-2-0.dll
0x0000020badf90000 - 0x0000020badf93000 	C:\Users\ggfhf\.openjfx\cache\21.0.1+6\amd64\api-ms-win-core-memory-l1-1-0.dll
0x0000020badfa0000 - 0x0000020badfa3000 	C:\Users\ggfhf\.openjfx\cache\21.0.1+6\amd64\api-ms-win-core-namedpipe-l1-1-0.dll
0x0000020badfb0000 - 0x0000020badfb3000 	C:\Users\ggfhf\.openjfx\cache\21.0.1+6\amd64\api-ms-win-core-processenvironment-l1-1-0.dll
0x0000020badfc0000 - 0x0000020badfc3000 	C:\Users\ggfhf\.openjfx\cache\21.0.1+6\amd64\api-ms-win-core-processthreads-l1-1-0.dll
0x0000020badfd0000 - 0x0000020badfd3000 	C:\Users\ggfhf\.openjfx\cache\21.0.1+6\amd64\api-ms-win-core-processthreads-l1-1-1.dll
0x0000020badfe0000 - 0x0000020badfe3000 	C:\Users\ggfhf\.openjfx\cache\21.0.1+6\amd64\api-ms-win-core-profile-l1-1-0.dll
0x0000020badff0000 - 0x0000020badff3000 	C:\Users\ggfhf\.openjfx\cache\21.0.1+6\amd64\api-ms-win-core-rtlsupport-l1-1-0.dll
0x0000020bf3c00000 - 0x0000020bf3c03000 	C:\Users\ggfhf\.openjfx\cache\21.0.1+6\amd64\api-ms-win-core-string-l1-1-0.dll
0x0000020bf3c10000 - 0x0000020bf3c13000 	C:\Users\ggfhf\.openjfx\cache\21.0.1+6\amd64\api-ms-win-core-synch-l1-1-0.dll
0x0000020bf3c20000 - 0x0000020bf3c23000 	C:\Users\ggfhf\.openjfx\cache\21.0.1+6\amd64\api-ms-win-core-synch-l1-2-0.dll
0x0000020bf3c30000 - 0x0000020bf3c33000 	C:\Users\ggfhf\.openjfx\cache\21.0.1+6\amd64\api-ms-win-core-sysinfo-l1-1-0.dll
0x0000020bf3c40000 - 0x0000020bf3c43000 	C:\Users\ggfhf\.openjfx\cache\21.0.1+6\amd64\api-ms-win-core-timezone-l1-1-0.dll
0x0000020bf3c50000 - 0x0000020bf3c53000 	C:\Users\ggfhf\.openjfx\cache\21.0.1+6\amd64\api-ms-win-core-util-l1-1-0.dll
0x0000020bf3c60000 - 0x0000020bf3c63000 	C:\Users\ggfhf\.openjfx\cache\21.0.1+6\amd64\api-ms-win-crt-conio-l1-1-0.dll
0x0000020bf3c70000 - 0x0000020bf3c74000 	C:\Users\ggfhf\.openjfx\cache\21.0.1+6\amd64\api-ms-win-crt-convert-l1-1-0.dll
0x0000020bf3c80000 - 0x0000020bf3c83000 	C:\Users\ggfhf\.openjfx\cache\21.0.1+6\amd64\api-ms-win-crt-environment-l1-1-0.dll
0x0000020bf3c90000 - 0x0000020bf3c93000 	C:\Users\ggfhf\.openjfx\cache\21.0.1+6\amd64\api-ms-win-crt-filesystem-l1-1-0.dll
0x0000020bf3ca0000 - 0x0000020bf3ca3000 	C:\Users\ggfhf\.openjfx\cache\21.0.1+6\amd64\api-ms-win-crt-heap-l1-1-0.dll
0x0000020bf3cb0000 - 0x0000020bf3cb3000 	C:\Users\ggfhf\.openjfx\cache\21.0.1+6\amd64\api-ms-win-crt-locale-l1-1-0.dll
0x0000020bf3cc0000 - 0x0000020bf3cc5000 	C:\Users\ggfhf\.openjfx\cache\21.0.1+6\amd64\api-ms-win-crt-math-l1-1-0.dll
0x0000020bf3cd0000 - 0x0000020bf3cd5000 	C:\Users\ggfhf\.openjfx\cache\21.0.1+6\amd64\api-ms-win-crt-multibyte-l1-1-0.dll
0x0000020bf3ce0000 - 0x0000020bf3cf0000 	C:\Users\ggfhf\.openjfx\cache\21.0.1+6\amd64\api-ms-win-crt-private-l1-1-0.dll
0x0000020bf3cf0000 - 0x0000020bf3cf3000 	C:\Users\ggfhf\.openjfx\cache\21.0.1+6\amd64\api-ms-win-crt-process-l1-1-0.dll
0x0000020bf3d00000 - 0x0000020bf3d04000 	C:\Users\ggfhf\.openjfx\cache\21.0.1+6\amd64\api-ms-win-crt-runtime-l1-1-0.dll
0x0000020bf3d10000 - 0x0000020bf3d14000 	C:\Users\ggfhf\.openjfx\cache\21.0.1+6\amd64\api-ms-win-crt-stdio-l1-1-0.dll
0x0000020bf3d20000 - 0x0000020bf3d24000 	C:\Users\ggfhf\.openjfx\cache\21.0.1+6\amd64\api-ms-win-crt-string-l1-1-0.dll
0x0000020bf3d30000 - 0x0000020bf3d33000 	C:\Users\ggfhf\.openjfx\cache\21.0.1+6\amd64\api-ms-win-crt-time-l1-1-0.dll
0x0000020bf3d40000 - 0x0000020bf3d43000 	C:\Users\ggfhf\.openjfx\cache\21.0.1+6\amd64\api-ms-win-crt-utility-l1-1-0.dll
0x00007fff1c460000 - 0x00007fff1c55c000 	C:\Users\ggfhf\.openjfx\cache\21.0.1+6\amd64\ucrtbase.dll
0x00007fff4bb50000 - 0x00007fff4bb6b000 	C:\Users\ggfhf\.openjfx\cache\21.0.1+6\amd64\vcruntime140.dll
0x00007fff4ef90000 - 0x00007fff4ef9c000 	C:\Users\ggfhf\.openjfx\cache\21.0.1+6\amd64\vcruntime140_1.dll
0x00007fff29a70000 - 0x00007fff29afe000 	C:\Users\ggfhf\.openjfx\cache\21.0.1+6\amd64\msvcp140.dll
0x00007fff70660000 - 0x00007fff70800000 	C:\WINDOWS\System32\ole32.dll
0x00007fff4c240000 - 0x00007fff4c249000 	C:\Users\ggfhf\.openjfx\cache\21.0.1+6\amd64\msvcp140_1.dll
0x00007fff45e20000 - 0x00007fff45e4f000 	C:\Users\ggfhf\.openjfx\cache\21.0.1+6\amd64\msvcp140_2.dll
0x00007fff348f0000 - 0x00007fff3491f000 	C:\Users\ggfhf\.openjfx\cache\21.0.1+6\amd64\prism_d3d.dll
0x00007fff2b2c0000 - 0x00007fff2b469000 	C:\WINDOWS\system32\d3d9.dll
0x00007fff6b1d0000 - 0x00007fff6b1fb000 	C:\WINDOWS\SYSTEM32\dwmapi.dll
0x00007fff6af90000 - 0x00007fff6afc6000 	C:\WINDOWS\SYSTEM32\dxcore.dll
0x00007fff6aeb0000 - 0x00007fff6af5b000 	C:\WINDOWS\system32\uxtheme.dll
0x00007fff1b510000 - 0x00007fff1b74f000 	C:\WINDOWS\System32\DriverStore\FileRepository\iigd_dch.inf_amd64_bef59ff5f9d0461f\igdumdim64.dll
0x00007fff1a1a0000 - 0x00007fff1b504000 	C:\WINDOWS\System32\DriverStore\FileRepository\iigd_dch.inf_amd64_bef59ff5f9d0461f\igd9dxva64.dll
0x00007fff6f5c0000 - 0x00007fff6fa34000 	C:\WINDOWS\System32\SETUPAPI.dll
0x00007fff6db80000 - 0x00007fff6dbce000 	C:\WINDOWS\SYSTEM32\cfgmgr32.dll
0x00007fff18470000 - 0x00007fff1a195000 	C:\WINDOWS\System32\DriverStore\FileRepository\iigd_dch.inf_amd64_bef59ff5f9d0461f\media_bin_64.dll
0x00007fff5f7b0000 - 0x00007fff5fbeb000 	C:\WINDOWS\System32\DriverStore\FileRepository\iigd_dch.inf_amd64_bef59ff5f9d0461f\igdgmm64.dll
0x00007fff67470000 - 0x00007fff674ba000 	C:\WINDOWS\SYSTEM32\directxdatabasehelper.dll
0x00007fff32410000 - 0x00007fff32452000 	C:\Users\ggfhf\.openjfx\cache\21.0.1+6\amd64\glass.dll
0x00007fff6f4c0000 - 0x00007fff6f5b9000 	C:\WINDOWS\System32\COMDLG32.dll
0x00007fff70060000 - 0x00007fff701af000 	C:\WINDOWS\System32\MSCTF.dll
0x00007fff542a0000 - 0x00007fff542c7000 	C:\WINDOWS\System32\DriverStore\FileRepository\iigd_dch.inf_amd64_bef59ff5f9d0461f\igdinfo64.dll
0x00007fff55490000 - 0x00007fff5935b000 	C:\WINDOWS\System32\DriverStore\FileRepository\iigd_dch.inf_amd64_bef59ff5f9d0461f\igc64.dll
0x00007fff4b120000 - 0x00007fff4b134000 	C:\Users\ggfhf\.openjfx\cache\21.0.1+6\amd64\javafx_font.dll
0x00007fff69790000 - 0x00007fff69a03000 	C:\WINDOWS\SYSTEM32\dwrite.dll
0x00007fff6ffb0000 - 0x00007fff70060000 	C:\WINDOWS\System32\clbcatq.dll
0x00007fff69530000 - 0x00007fff696e0000 	C:\WINDOWS\SYSTEM32\WindowsCodecs.dll
0x00007fff39d50000 - 0x00007fff39dae000 	C:\WINDOWS\system32\dataexchange.dll
0x00007fff64580000 - 0x00007fff64805000 	C:\WINDOWS\system32\twinapi.appcore.dll
0x00007fff343d0000 - 0x00007fff34402000 	C:\Program Files\Common Files\Microsoft Shared\Ink\rtscom.dll
0x00007fff5a450000 - 0x00007fff5a59a000 	C:\WINDOWS\SYSTEM32\textinputframework.dll
0x00007fff6a8d0000 - 0x00007fff6aa03000 	C:\WINDOWS\SYSTEM32\CoreMessaging.dll
0x00007fff66c60000 - 0x00007fff66fcc000 	C:\WINDOWS\SYSTEM32\CoreUIComponents.dll
0x00007fff6d5d0000 - 0x00007fff6d5dc000 	C:\WINDOWS\SYSTEM32\CRYPTBASE.DLL

dbghelp: loaded successfully - version: 4.0.5 - missing functions: none
symbol engine: initialized successfully - sym options: 0x614 - pdb path: .;C:\Users\ggfhf\.jdks\openjdk-21.0.1\bin;C:\WINDOWS\SYSTEM32;C:\WINDOWS\WinSxS\amd64_microsoft.windows.common-controls_6595b64144ccf1df_6.0.22621.2506_none_270c5ae97388e100;C:\Users\ggfhf\.jdks\openjdk-21.0.1\bin\server;C:\Program Files\JetBrains\IntelliJ IDEA 2023.1.4\bin;C:\Users\ggfhf\.openjfx\cache\21.0.1+6\amd64;C:\WINDOWS\System32\DriverStore\FileRepository\iigd_dch.inf_amd64_bef59ff5f9d0461f;C:\Program Files\Common Files\Microsoft Shared\Ink

VM Arguments:
jvm_args: --module-path=lib --add-modules=javafx.controls,javafx.fxml -javaagent:C:\Program Files\JetBrains\IntelliJ IDEA 2023.1.4\lib\idea_rt.jar=52884:C:\Program Files\JetBrains\IntelliJ IDEA 2023.1.4\bin -Dfile.encoding=UTF-8 -Dsun.stdout.encoding=UTF-8 -Dsun.stderr.encoding=UTF-8 
java_command: MainFiles.Main
java_class_path (initial): C:\Users\ggfhf\Desktop\LauncherMiniGames\out\production\LauncherMiniGames;C:\Users\ggfhf\Desktop\LauncherMiniGames\lib\javafx-fxml-21.0.1.jar;C:\Users\ggfhf\Desktop\LauncherMiniGames\lib\javafx-fxml-21.0.1-win.jar;C:\Users\ggfhf\Desktop\LauncherMiniGames\lib\javafx-controls-21.0.1.jar;C:\Users\ggfhf\Desktop\LauncherMiniGames\lib\javafx-controls-21.0.1-win.jar;C:\Users\ggfhf\Desktop\LauncherMiniGames\lib\javafx-graphics-21.0.1.jar;C:\Users\ggfhf\Desktop\LauncherMiniGames\lib\javafx-graphics-21.0.1-win.jar;C:\Users\ggfhf\Desktop\LauncherMiniGames\lib\javafx-base-21.0.1.jar;C:\Users\ggfhf\Desktop\LauncherMiniGames\lib\javafx-base-21.0.1-win.jar
Launcher Type: SUN_STANDARD

[Global flags]
     intx CICompilerCount                          = 4                                         {product} {ergonomic}
     uint ConcGCThreads                            = 3                                         {product} {ergonomic}
     uint G1ConcRefinementThreads                  = 10                                        {product} {ergonomic}
   size_t G1HeapRegionSize                         = 4194304                                   {product} {ergonomic}
    uintx GCDrainStackTargetSize                   = 64                                        {product} {ergonomic}
   size_t InitialHeapSize                          = 532676608                                 {product} {ergonomic}
   size_t MarkStackSize                            = 4194304                                   {product} {ergonomic}
   size_t MaxHeapSize                              = 8514437120                                {product} {ergonomic}
   size_t MaxNewSize                               = 5108662272                                {product} {ergonomic}
   size_t MinHeapDeltaBytes                        = 4194304                                   {product} {ergonomic}
   size_t MinHeapSize                              = 8388608                                   {product} {ergonomic}
    uintx NonNMethodCodeHeapSize                   = 5839372                                {pd product} {ergonomic}
    uintx NonProfiledCodeHeapSize                  = 122909434                              {pd product} {ergonomic}
    uintx ProfiledCodeHeapSize                     = 122909434                              {pd product} {ergonomic}
    uintx ReservedCodeCacheSize                    = 251658240                              {pd product} {ergonomic}
     bool SegmentedCodeCache                       = true                                      {product} {ergonomic}
   size_t SoftMaxHeapSize                          = 8514437120                             {manageable} {ergonomic}
     bool UseCompressedOops                        = true                           {product lp64_product} {ergonomic}
     bool UseG1GC                                  = true                                      {product} {ergonomic}
     bool UseLargePagesIndividualAllocation        = false                                  {pd product} {ergonomic}

Logging:
Log output configuration:
 #0: stdout all=off uptime,level,tags foldmultilines=false
 #1: stderr all=off uptime,level,tags foldmultilines=false

Environment Variables:
PATH=C:\Program Files (x86)\Common Files\Oracle\Java\javapath;C:\Program Files\Microsoft\jdk-11.0.16.101-hotspot\bin;C:\WINDOWS\system32;C:\WINDOWS;C:\WINDOWS\System32\Wbem;C:\WINDOWS\System32\WindowsPowerShell\v1.0\;C:\WINDOWS\System32\OpenSSH\;C:\Program Files\NVIDIA Corporation\NVIDIA NvDLISR;C:\Program Files (x86)\National Instruments\Shared\LabVIEW CLI;C:\Program Files (x86)\Microsoft SQL Server\160\DTS\Binn\;C:\Program Files\Azure Data Studio\bin;C:\Program Files (x86)\Microsoft SQL Server\160\Tools\Binn\;C:\Program Files\Microsoft SQL Server\160\Tools\Binn\;C:\Program Files\Microsoft SQL Server\Client SDK\ODBC\170\Tools\Binn\;C:\Program Files\Microsoft SQL Server\160\DTS\Binn\;C:\Program Files\Microsoft SQL Server\150\Tools\Binn\;C:\Program Files\Git\cmd;C:\Program Files (x86)\NVIDIA Corporation\PhysX\Common;C:\Program Files\dotnet\;C:\Program Files\PowerShell\7\;C:\Program Files\MySQL\MySQL Shell 8.1\bin\;C:\Users\ggfhf\AppData\Local\Programs\Python\Python311\Scripts\;C:\Users\ggfhf\AppData\Local\Programs\Python\Python311\;C:\Users\ggfhf\AppData\Local\Microsoft\WindowsApps;;C:\Program Files\JetBrains\IntelliJ IDEA Community Edition 2022.3.3\bin;;C:\Program Files\JetBrains\DataGrip 2023.1\bin;;C:\Program Files\JetBrains\JetBrains Rider 2023.1.1\bin;;C:\Program Files\JetBrains\IntelliJ IDEA 2023.1.4\bin;;C:\Program Files\Azure Data Studio\bin;C:\Users\ggfhf\.dotnet\tools
USERNAME=nikolenfk
OS=Windows_NT
PROCESSOR_IDENTIFIER=Intel64 Family 6 Model 141 Stepping 1, GenuineIntel
TMP=C:\Users\ggfhf\AppData\Local\Temp
TEMP=C:\Users\ggfhf\AppData\Local\Temp




Periodic native trim disabled

---------------  S Y S T E M  ---------------

OS:
 Windows 11 , 64 bit Build 22621 (10.0.22621.2506)
OS uptime: 0 days 9:01 hours
Hyper-V role detected

CPU: total 12 (initial active 12) (6 cores per cpu, 2 threads per core) family 6 model 141 stepping 1 microcode 0x26, cx8, cmov, fxsr, ht, mmx, 3dnowpref, sse, sse2, sse3, ssse3, sse4.1, sse4.2, popcnt, lzcnt, tsc, tscinvbit, avx, avx2, aes, erms, clmul, bmi1, bmi2, adx, avx512f, avx512dq, avx512cd, avx512bw, avx512vl, sha, fma, vzeroupper, avx512_vpopcntdq, avx512_vpclmulqdq, avx512_vaes, avx512_vnni, clflush, clflushopt, clwb, avx512_vbmi2, avx512_vbmi, hv, rdtscp, rdpid, fsrm, gfni, avx512_bitalg, f16c, cet_ibt, cet_ss, avx512_ifma
Processor Information for all 12 processors :
  Max Mhz: 2688, Current Mhz: 2688, Mhz Limit: 2688

Memory: 4k page, system-wide physical 32469M (18272M free)
TotalPageFile size 37333M (AvailPageFile size 16572M)
current process WorkingSet (physical memory assigned to process): 185M, peak: 198M
current process commit charge ("private bytes"): 694M, peak: 704M

vm_info: OpenJDK 64-Bit Server VM (21.0.1+12-29) for windows-amd64 JRE (21.0.1+12-29), built on 2023-10-05T13:27:09Z by "mach5one" with MS VC++ 17.1 (VS2022)

END.
