#
# A fatal error has been detected by the Java Runtime Environment:
#
#  EXCEPTION_ACCESS_VIOLATION (0xc0000005) at pc=0x00007fff348f6587, pid=19856, tid=13452
#
# JRE version: OpenJDK Runtime Environment (21.0.1+12) (build 21.0.1+12-29)
# Java VM: OpenJDK 64-Bit Server VM (21.0.1+12-29, mixed mode, sharing, tiered, compressed oops, compressed class ptrs, g1 gc, windows-amd64)
# Problematic frame:
# C  [glass.dll+0x26587]
#
# No core dump will be written. Minidumps are not enabled by default on client versions of Windows
#
# If you would like to submit a bug report, please visit:
#   https://bugreport.java.com/bugreport/crash.jsp
#

---------------  S U M M A R Y ------------

Command Line: --module-path=lib --add-modules=javafx.controls,javafx.fxml -javaagent:C:\Program Files\JetBrains\IntelliJ IDEA 2023.1.4\lib\idea_rt.jar=54600:C:\Program Files\JetBrains\IntelliJ IDEA 2023.1.4\bin -Dfile.encoding=UTF-8 -Dsun.stdout.encoding=UTF-8 -Dsun.stderr.encoding=UTF-8 MainFiles.Main

Host: 11th Gen Intel(R) Core(TM) i5-11400H @ 2.70GHz, 12 cores, 31G,  Windows 11 , 64 bit Build 22621 (10.0.22621.2506)
Time: Tue Nov  7 19:09:52 2023  Windows 11 , 64 bit Build 22621 (10.0.22621.2506) elapsed time: 7.305975 seconds (0d 0h 0m 7s)

---------------  T H R E A D  ---------------

Current thread (0x000001daf4784870):  VMThread "VM Thread"          [id=13452, stack(0x0000006f06300000,0x0000006f06400000) (1024K)]

Stack: [0x0000006f06300000,0x0000006f06400000],  sp=0x0000006f063ff120,  free space=1020k
Native frames: (J=compiled Java code, j=interpreted, Vv=VM code, C=native code)
C  [glass.dll+0x26587]


siginfo: EXCEPTION_ACCESS_VIOLATION (0xc0000005), reading address 0x0000000000000000


Registers:
RAX=0x0000000000000000, RBX=0x000001daf478fdea, RCX=0x000001daf4784870, RDX=0x0000006f063ff120
RSP=0x0000006f063ff120, RBP=0x000001daf9a7be68, RSI=0x0000006f063ff228, RDI=0x000001daf9a7be40
R8 =0x0000000000010002, R9 =0x000001daf9a7be40, R10=0x85f13e9656da4870, R11=0x0000006f063ff0b0
R12=0x00007fff348f3ed0, R13=0x00007ffec0da1fa0, R14=0x0000425efa7bbda4, R15=0x000001daf9a7be40
RIP=0x00007fff348f6587, EFLAGS=0x0000000000010206


Register to memory mapping:

RAX=0x0 is null
RBX=0x000001daf478fdea is a global jni handle
RCX=0x000001daf4784870 points into unknown readable memory: 0x00007ffec0bb3f88 | 88 3f bb c0 fe 7f 00 00
RDX=0x0000006f063ff120 points into unknown readable memory: 0x0000000000000000 | 00 00 00 00 00 00 00 00
RSP=0x0000006f063ff120 points into unknown readable memory: 0x0000000000000000 | 00 00 00 00 00 00 00 00
RBP=0x000001daf9a7be68 points into unknown readable memory: 0x0000425efa7bbda4 | a4 bd 7b fa 5e 42 00 00
RSI=0x0000006f063ff228 points into unknown readable memory: 0x0000006f063ff210 | 10 f2 3f 06 6f 00 00 00
RDI=0x000001daf9a7be40 points into unknown readable memory: 0x48f3dcdefa7c4257 | 57 42 7c fa de dc f3 48
R8 =0x0000000000010002 is an unknown value
R9 =0x000001daf9a7be40 points into unknown readable memory: 0x48f3dcdefa7c4257 | 57 42 7c fa de dc f3 48
R10=0x85f13e9656da4870 is an unknown value
R11=0x0000006f063ff0b0 points into unknown readable memory: 0x000001daf9a7be40 | 40 be a7 f9 da 01 00 00
R12=0x00007fff348f3ed0 glass.dll
R13=0x00007ffec0da1fa0 jvm.dll
R14=0x0000425efa7bbda4 is an unknown value
R15=0x000001daf9a7be40 points into unknown readable memory: 0x48f3dcdefa7c4257 | 57 42 7c fa de dc f3 48

Top of Stack: (sp=0x0000006f063ff120)
0x0000006f063ff120:   0000000000000000 0000006f063ff228
0x0000006f063ff130:   00007ffec0da1fa0 00007fff348f3ed0
0x0000006f063ff140:   000001daf9a7be48 00007fff6dec3a83
0x0000006f063ff150:   000001daf9a7be40 000001da00000000
0x0000006f063ff160:   000001daf9a7be68 0000006f063ff228
0x0000006f063ff170:   fffffffffffffffe 0000000000000000
0x0000006f063ff180:   0000000000000001 00007fff348d0000
0x0000006f063ff190:   0000006f063ff218 00007fff6de9006e
0x0000006f063ff1a0:   0000000000000000 0000006f063ff228
0x0000006f063ff1b0:   0000006f063ff510 0000000000000001
0x0000006f063ff1c0:   0000000000000001 00007fff6de8da1d
0x0000006f063ff1d0:   0000000000000000 00007fff348f36c9
0x0000006f063ff1e0:   0000000000000000 0000006f063ff218
0x0000006f063ff1f0:   fffffffffffffffe 0000006f063ff500
0x0000006f063ff200:   0000000000000000 00007fff348f3d5d
0x0000006f063ff210:   00007fff3490a008 00007fff00000002
0x0000006f063ff220:   0000000000000002 0000006f063ff210
0x0000006f063ff230:   0000000000000000 00007fff70b18603
0x0000006f063ff240:   0000000000000000 00007fff348f3e82
0x0000006f063ff250:   0000000000000001 0000000000000001
0x0000006f063ff260:   0000000000000000 0000000000000001
0x0000006f063ff270:   0000000000000001 00007fff6d5d2223
0x0000006f063ff280:   00007fff00000001 0000000000000000
0x0000006f063ff290:   00007fff348d0000 000000007ffe0384
0x0000006f063ff2a0:   0000000000000000 00007fff70b1869f
0x0000006f063ff2b0:   00007fff348d0000 0000000000000000
0x0000006f063ff2c0:   0000000000000001 000000007ffe0385
0x0000006f063ff2d0:   00007fff70c27a20 00007fff568ed1d0
0x0000006f063ff2e0:   0000794aa36ff200 00007fff55490000
0x0000006f063ff2f0:   00007fff348f3ed0 0000000000000000
0x0000006f063ff300:   0000000000000000 0000006f05736000
0x0000006f063ff310:   000001daf9b50e00 00007fff70b410a6 

Instructions: (pc=0x00007fff348f6587)
0x00007fff348f6487:   8b 4d 58 e8 8d cf ff ff 48 8b 4d 60 e8 84 cf ff
0x00007fff348f6497:   ff 48 8b 95 80 00 00 00 48 8b 8d 18 01 00 00 e8
0x00007fff348f64a7:   76 c4 ff ff 33 d2 33 c9 e8 cc e1 ff ff 90 48 89
0x00007fff348f64b7:   54 24 10 55 48 83 ec 20 48 8b ea 48 b8 00 00 00
0x00007fff348f64c7:   00 00 00 00 00 48 83 c4 20 5d c3 cc 40 55 48 8b
0x00007fff348f64d7:   ea 48 8b 01 33 c9 81 38 05 00 00 c0 0f 94 c1 8b
0x00007fff348f64e7:   c1 5d c3 cc 40 55 48 83 ec 20 48 8b ea 8a 4d 40
0x00007fff348f64f7:   48 83 c4 20 5d e9 73 d3 ff ff cc 40 55 48 83 ec
0x00007fff348f6507:   20 48 8b ea 8a 4d 20 e8 61 d3 ff ff 90 48 83 c4
0x00007fff348f6517:   20 5d c3 cc 40 55 48 83 ec 20 48 8b ea 48 83 c4
0x00007fff348f6527:   20 5d e9 c2 d1 ff ff cc 40 55 48 83 ec 30 48 8b
0x00007fff348f6537:   ea 48 8b 01 8b 10 48 89 4c 24 28 89 54 24 20 4c
0x00007fff348f6547:   8d 0d 63 d6 ff ff 4c 8b 45 70 8b 55 68 48 8b 4d
0x00007fff348f6557:   60 e8 03 d1 ff ff 90 48 83 c4 30 5d c3 cc cc cc
0x00007fff348f6567:   cc cc cc cc cc cc cc cc cc 40 53 48 83 ec 20 48
0x00007fff348f6577:   8b 1d 8b 34 01 00 48 85 db 74 16 e8 89 8f ff ff
0x00007fff348f6587:   4c 8b 00 48 8b d3 48 8b c8 41 ff 90 b0 00 00 00
0x00007fff348f6597:   90 48 83 c4 20 5b c3 cc cc 40 53 48 83 ec 20 48
0x00007fff348f65a7:   8b 1d fb 35 01 00 48 85 db 74 57 b8 ff ff ff ff
0x00007fff348f65b7:   f0 0f c1 43 10 83 f8 01 75 3d 48 85 db 74 38 48
0x00007fff348f65c7:   8b 0b 48 85 c9 74 0d ff 15 d4 0c 00 00 48 c7 03
0x00007fff348f65d7:   00 00 00 00 48 8b 4b 08 48 85 c9 74 0d e8 33 ce
0x00007fff348f65e7:   ff ff 48 c7 43 08 00 00 00 00 ba 18 00 00 00 48
0x00007fff348f65f7:   8b cb e8 1e ce ff ff 48 c7 05 9f 35 01 00 00 00
0x00007fff348f6607:   00 00 48 83 c4 20 5b c3 cc 40 53 48 83 ec 20 48
0x00007fff348f6617:   8b 1d 6b 35 01 00 48 85 db 74 57 b8 ff ff ff ff
0x00007fff348f6627:   f0 0f c1 43 10 83 f8 01 75 3d 48 85 db 74 38 48
0x00007fff348f6637:   8b 0b 48 85 c9 74 0d ff 15 64 0c 00 00 48 c7 03
0x00007fff348f6647:   00 00 00 00 48 8b 4b 08 48 85 c9 74 0d e8 c3 cd
0x00007fff348f6657:   ff ff 48 c7 43 08 00 00 00 00 ba 18 00 00 00 48
0x00007fff348f6667:   8b cb e8 ae cd ff ff 48 c7 05 0f 35 01 00 00 00
0x00007fff348f6677:   00 00 48 83 c4 20 5b c3 cc 40 53 48 83 ec 20 48 


Stack slot to memory mapping:

stack at sp + 0 slots: 0x0 is null
stack at sp + 1 slots: 0x0000006f063ff228 points into unknown readable memory: 0x0000006f063ff210 | 10 f2 3f 06 6f 00 00 00
stack at sp + 2 slots: 0x00007ffec0da1fa0 jvm.dll
stack at sp + 3 slots: 0x00007fff348f3ed0 glass.dll
stack at sp + 4 slots: 0x000001daf9a7be48 points into unknown readable memory: 0x0000425efa7bbda4 | a4 bd 7b fa 5e 42 00 00
stack at sp + 5 slots: 0x00007fff6dec3a83 ucrtbase.dll
stack at sp + 6 slots: 0x000001daf9a7be40 points into unknown readable memory: 0x48f3dcdefa7c4257 | 57 42 7c fa de dc f3 48
stack at sp + 7 slots: 0x000001da00000000 is an unknown value

VM_Operation (0x0000006f06dfeef0): Exit, mode: safepoint, requested by thread 0x000001dafa7cc200


---------------  P R O C E S S  ---------------

Threads class SMR info:
_java_thread_list=0x000001dafaa62620, length=19, elements={
0x000001dace742850, 0x000001daf479e430, 0x000001daf479f500, 0x000001daf47a7f30,
0x000001daf47a59d0, 0x000001daf47a8f30, 0x000001daf47ab030, 0x000001daf9010de0,
0x000001daf9114f80, 0x000001daf93b65e0, 0x000001daf93b6c50, 0x000001daf9a15140,
0x000001daf9ab7ec0, 0x000001daf9af2ce0, 0x000001dafa5413c0, 0x000001dafa57fe30,
0x000001dafa7ceff0, 0x000001dafa7cf680, 0x000001dafa7cc200
}

Java Threads: ( => current thread )
  0x000001dace742850 JavaThread "main"                              [_thread_blocked, id=13096, stack(0x0000006f05c00000,0x0000006f05d00000) (1024K)]
  0x000001daf479e430 JavaThread "Reference Handler"          daemon [_thread_blocked, id=22268, stack(0x0000006f06400000,0x0000006f06500000) (1024K)]
  0x000001daf479f500 JavaThread "Finalizer"                  daemon [_thread_blocked, id=22088, stack(0x0000006f06500000,0x0000006f06600000) (1024K)]
  0x000001daf47a7f30 JavaThread "Attach Listener"            daemon [_thread_blocked, id=19708, stack(0x0000006f06700000,0x0000006f06800000) (1024K)]
  0x000001daf47a59d0 JavaThread "Service Thread"             daemon [_thread_blocked, id=18344, stack(0x0000006f06800000,0x0000006f06900000) (1024K)]
  0x000001daf47a8f30 JavaThread "Monitor Deflation Thread"   daemon [_thread_blocked, id=3836, stack(0x0000006f06900000,0x0000006f06a00000) (1024K)]
  0x000001daf47ab030 JavaThread "C2 CompilerThread0"         daemon [_thread_blocked, id=21908, stack(0x0000006f06a00000,0x0000006f06b00000) (1024K)]
  0x000001daf9010de0 JavaThread "C1 CompilerThread0"         daemon [_thread_blocked, id=3628, stack(0x0000006f06b00000,0x0000006f06c00000) (1024K)]
  0x000001daf9114f80 JavaThread "Common-Cleaner"             daemon [_thread_blocked, id=7172, stack(0x0000006f06c00000,0x0000006f06d00000) (1024K)]
  0x000001daf93b65e0 JavaThread "Monitor Ctrl-Break"         daemon [_thread_in_native, id=8796, stack(0x0000006f06f00000,0x0000006f07000000) (1024K)]
  0x000001daf93b6c50 JavaThread "Notification Thread"        daemon [_thread_blocked, id=14688, stack(0x0000006f07000000,0x0000006f07100000) (1024K)]
  0x000001daf9a15140 JavaThread "QuantumRenderer-0"          daemon [_thread_blocked, id=9612, stack(0x0000006f07100000,0x0000006f07200000) (1024K)]
  0x000001daf9ab7ec0 JavaThread "InvokeLaterDispatcher"      daemon [_thread_blocked, id=9536, stack(0x0000006f07200000,0x0000006f07300000) (1024K)]
  0x000001daf9af2ce0 JavaThread "JavaFX Application Thread"         [_thread_in_native, id=18516, stack(0x0000006f07300000,0x0000006f07400000) (1024K)]
  0x000001dafa5413c0 JavaThread "JavaFX-Launcher"                   [_thread_blocked, id=5692, stack(0x0000006f07800000,0x0000006f07900000) (1024K)]
  0x000001dafa57fe30 JavaThread "Thread-2"                   daemon [_thread_in_native, id=21484, stack(0x0000006f07700000,0x0000006f07800000) (1024K)]
  0x000001dafa7ceff0 JavaThread "Prism Font Disposer"        daemon [_thread_blocked, id=4692, stack(0x0000006f08500000,0x0000006f08600000) (1024K)]
  0x000001dafa7cf680 JavaThread "Cleaner-0"                  daemon [_thread_blocked, id=15404, stack(0x0000006f08600000,0x0000006f08700000) (1024K)]
  0x000001dafa7cc200 JavaThread "SIGINT handler"             daemon [_thread_blocked, id=19400, stack(0x0000006f06d00000,0x0000006f06e00000) (1024K)]
Total: 19

Other Threads:
=>0x000001daf4784870 VMThread "VM Thread"                           [id=13452, stack(0x0000006f06300000,0x0000006f06400000) (1024K)]
  0x000001dad09e17c0 WorkerThread "GC Thread#0"                     [id=18168, stack(0x0000006f05d00000,0x0000006f05e00000) (1024K)]
  0x000001dafa55a010 WorkerThread "GC Thread#1"                     [id=20780, stack(0x0000006f07900000,0x0000006f07a00000) (1024K)]
  0x000001dafa656dc0 WorkerThread "GC Thread#2"                     [id=20132, stack(0x0000006f07a00000,0x0000006f07b00000) (1024K)]
  0x000001dafa583e50 WorkerThread "GC Thread#3"                     [id=23412, stack(0x0000006f07b00000,0x0000006f07c00000) (1024K)]
  0x000001dafa5841f0 WorkerThread "GC Thread#4"                     [id=21108, stack(0x0000006f07c00000,0x0000006f07d00000) (1024K)]
  0x000001dafa5895c0 WorkerThread "GC Thread#5"                     [id=4768, stack(0x0000006f07d00000,0x0000006f07e00000) (1024K)]
  0x000001dafa58a170 WorkerThread "GC Thread#6"                     [id=23276, stack(0x0000006f07e00000,0x0000006f07f00000) (1024K)]
  0x000001dafa5cd110 WorkerThread "GC Thread#7"                     [id=3268, stack(0x0000006f07f00000,0x0000006f08000000) (1024K)]
  0x000001dafa5cfce0 WorkerThread "GC Thread#8"                     [id=22724, stack(0x0000006f08000000,0x0000006f08100000) (1024K)]
  0x000001dafa5d1a30 WorkerThread "GC Thread#9"                     [id=3316, stack(0x0000006f08100000,0x0000006f08200000) (1024K)]
  0x000001dad09f2710 ConcurrentGCThread "G1 MainFiles.Main Marker"            terminated
  0x000001dad09f3210 WorkerThread "G1 Conc#0"                       [id=3568, stack(0x0000006f05f00000,0x0000006f06000000) (1024K)]
  0x000001daf463b3d0 ConcurrentGCThread "G1 Refine#0"               terminated
  0x000001daf463bf40 ConcurrentGCThread "G1 Service"                terminated
Total: 15

Threads with active compile tasks:
Total: 0

VM state: at safepoint (shutting down)

VM Mutex/Monitor currently owned by a thread:  ([mutex/lock_event])
[0x00007ffec0d7a5f8] Threads_lock - owner thread: 0x000001daf4784870
[0x00007ffec0d7a6f8] Heap_lock - owner thread: 0x000001dafa7cc200

Heap address: 0x0000000604800000, size: 8120 MB, Compressed Oops mode: Zero based, Oop shift amount: 3

CDS archive(s) mapped at: [0x000001da80000000-0x000001da80c90000-0x000001da80c90000), size 13172736, SharedBaseAddress: 0x000001da80000000, ArchiveRelocationMode: 1.
Compressed class space mapped at: 0x000001da81000000-0x000001dac1000000, reserved size: 1073741824
Narrow klass base: 0x000001da80000000, Narrow klass shift: 0, Narrow klass range: 0x100000000

GC Precious Log:
 CardTable entry size: 512
 Card Set container configuration: InlinePtr #cards 4 size 8 Array Of Cards #cards 32 size 80 Howl #buckets 8 coarsen threshold 7372 Howl Bitmap #cards 1024 size 144 coarsen threshold 921 Card regions per heap region 1 cards per card region 8192
 CPUs: 12 total, 12 available
 Memory: 32469M
 Large Page Support: Disabled
 NUMA Support: Disabled
 Compressed Oops: Enabled (Zero based)
 Heap Region Size: 4M
 Heap Min Capacity: 8M
 Heap Initial Capacity: 508M
 Heap Max Capacity: 8120M
 Pre-touch: Disabled
 Parallel Workers: 10
 Concurrent Workers: 3
 Concurrent Refinement Workers: 10
 Periodic GC: Disabled

Heap:
 garbage-first heap   total 520192K, used 12745K [0x0000000604800000, 0x0000000800000000)
  region size 4096K, 4 young (16384K), 2 survivors (8192K)
 Metaspace       used 14137K, committed 14464K, reserved 1114112K
  class space    used 1879K, committed 2048K, reserved 1048576K

Heap Regions: E=young(eden), S=young(survivor), O=old, HS=humongous(starts), HC=humongous(continues), CS=collection set, F=free, TAMS=top-at-mark-start, PB=parsable bottom
|   0|0x0000000604800000, 0x00000006048727c8, 0x0000000604c00000| 11%| O|  |TAMS 0x0000000604800000| PB 0x0000000604800000| Untracked 
|   1|0x0000000604c00000, 0x0000000604c00000, 0x0000000605000000|  0%| F|  |TAMS 0x0000000604c00000| PB 0x0000000604c00000| Untracked 
|   2|0x0000000605000000, 0x0000000605000000, 0x0000000605400000|  0%| F|  |TAMS 0x0000000605000000| PB 0x0000000605000000| Untracked 
|   3|0x0000000605400000, 0x0000000605400000, 0x0000000605800000|  0%| F|  |TAMS 0x0000000605400000| PB 0x0000000605400000| Untracked 
|   4|0x0000000605800000, 0x0000000605800000, 0x0000000605c00000|  0%| F|  |TAMS 0x0000000605800000| PB 0x0000000605800000| Untracked 
|   5|0x0000000605c00000, 0x0000000605c00000, 0x0000000606000000|  0%| F|  |TAMS 0x0000000605c00000| PB 0x0000000605c00000| Untracked 
|   6|0x0000000606000000, 0x0000000606000000, 0x0000000606400000|  0%| F|  |TAMS 0x0000000606000000| PB 0x0000000606000000| Untracked 
|   7|0x0000000606400000, 0x0000000606400000, 0x0000000606800000|  0%| F|  |TAMS 0x0000000606400000| PB 0x0000000606400000| Untracked 
|   8|0x0000000606800000, 0x0000000606800000, 0x0000000606c00000|  0%| F|  |TAMS 0x0000000606800000| PB 0x0000000606800000| Untracked 
|   9|0x0000000606c00000, 0x0000000606c00000, 0x0000000607000000|  0%| F|  |TAMS 0x0000000606c00000| PB 0x0000000606c00000| Untracked 
|  10|0x0000000607000000, 0x0000000607000000, 0x0000000607400000|  0%| F|  |TAMS 0x0000000607000000| PB 0x0000000607000000| Untracked 
|  11|0x0000000607400000, 0x0000000607400000, 0x0000000607800000|  0%| F|  |TAMS 0x0000000607400000| PB 0x0000000607400000| Untracked 
|  12|0x0000000607800000, 0x0000000607800000, 0x0000000607c00000|  0%| F|  |TAMS 0x0000000607800000| PB 0x0000000607800000| Untracked 
|  13|0x0000000607c00000, 0x0000000607c00000, 0x0000000608000000|  0%| F|  |TAMS 0x0000000607c00000| PB 0x0000000607c00000| Untracked 
|  14|0x0000000608000000, 0x0000000608000000, 0x0000000608400000|  0%| F|  |TAMS 0x0000000608000000| PB 0x0000000608000000| Untracked 
|  15|0x0000000608400000, 0x0000000608400000, 0x0000000608800000|  0%| F|  |TAMS 0x0000000608400000| PB 0x0000000608400000| Untracked 
|  16|0x0000000608800000, 0x0000000608800000, 0x0000000608c00000|  0%| F|  |TAMS 0x0000000608800000| PB 0x0000000608800000| Untracked 
|  17|0x0000000608c00000, 0x0000000608c00000, 0x0000000609000000|  0%| F|  |TAMS 0x0000000608c00000| PB 0x0000000608c00000| Untracked 
|  18|0x0000000609000000, 0x0000000609000000, 0x0000000609400000|  0%| F|  |TAMS 0x0000000609000000| PB 0x0000000609000000| Untracked 
|  19|0x0000000609400000, 0x0000000609400000, 0x0000000609800000|  0%| F|  |TAMS 0x0000000609400000| PB 0x0000000609400000| Untracked 
|  20|0x0000000609800000, 0x0000000609800000, 0x0000000609c00000|  0%| F|  |TAMS 0x0000000609800000| PB 0x0000000609800000| Untracked 
|  21|0x0000000609c00000, 0x0000000609c00000, 0x000000060a000000|  0%| F|  |TAMS 0x0000000609c00000| PB 0x0000000609c00000| Untracked 
|  22|0x000000060a000000, 0x000000060a000000, 0x000000060a400000|  0%| F|  |TAMS 0x000000060a000000| PB 0x000000060a000000| Untracked 
|  23|0x000000060a400000, 0x000000060a400000, 0x000000060a800000|  0%| F|  |TAMS 0x000000060a400000| PB 0x000000060a400000| Untracked 
|  24|0x000000060a800000, 0x000000060a800000, 0x000000060ac00000|  0%| F|  |TAMS 0x000000060a800000| PB 0x000000060a800000| Untracked 
|  25|0x000000060ac00000, 0x000000060ac00000, 0x000000060b000000|  0%| F|  |TAMS 0x000000060ac00000| PB 0x000000060ac00000| Untracked 
|  26|0x000000060b000000, 0x000000060b000000, 0x000000060b400000|  0%| F|  |TAMS 0x000000060b000000| PB 0x000000060b000000| Untracked 
|  27|0x000000060b400000, 0x000000060b400000, 0x000000060b800000|  0%| F|  |TAMS 0x000000060b400000| PB 0x000000060b400000| Untracked 
|  28|0x000000060b800000, 0x000000060b800000, 0x000000060bc00000|  0%| F|  |TAMS 0x000000060b800000| PB 0x000000060b800000| Untracked 
|  29|0x000000060bc00000, 0x000000060bc00000, 0x000000060c000000|  0%| F|  |TAMS 0x000000060bc00000| PB 0x000000060bc00000| Untracked 
|  30|0x000000060c000000, 0x000000060c000000, 0x000000060c400000|  0%| F|  |TAMS 0x000000060c000000| PB 0x000000060c000000| Untracked 
|  31|0x000000060c400000, 0x000000060c400000, 0x000000060c800000|  0%| F|  |TAMS 0x000000060c400000| PB 0x000000060c400000| Untracked 
|  32|0x000000060c800000, 0x000000060c800000, 0x000000060cc00000|  0%| F|  |TAMS 0x000000060c800000| PB 0x000000060c800000| Untracked 
|  33|0x000000060cc00000, 0x000000060cc00000, 0x000000060d000000|  0%| F|  |TAMS 0x000000060cc00000| PB 0x000000060cc00000| Untracked 
|  34|0x000000060d000000, 0x000000060d000000, 0x000000060d400000|  0%| F|  |TAMS 0x000000060d000000| PB 0x000000060d000000| Untracked 
|  35|0x000000060d400000, 0x000000060d400000, 0x000000060d800000|  0%| F|  |TAMS 0x000000060d400000| PB 0x000000060d400000| Untracked 
|  36|0x000000060d800000, 0x000000060d800000, 0x000000060dc00000|  0%| F|  |TAMS 0x000000060d800000| PB 0x000000060d800000| Untracked 
|  37|0x000000060dc00000, 0x000000060dc00000, 0x000000060e000000|  0%| F|  |TAMS 0x000000060dc00000| PB 0x000000060dc00000| Untracked 
|  38|0x000000060e000000, 0x000000060e000000, 0x000000060e400000|  0%| F|  |TAMS 0x000000060e000000| PB 0x000000060e000000| Untracked 
|  39|0x000000060e400000, 0x000000060e400000, 0x000000060e800000|  0%| F|  |TAMS 0x000000060e400000| PB 0x000000060e400000| Untracked 
|  40|0x000000060e800000, 0x000000060e800000, 0x000000060ec00000|  0%| F|  |TAMS 0x000000060e800000| PB 0x000000060e800000| Untracked 
|  41|0x000000060ec00000, 0x000000060ec00000, 0x000000060f000000|  0%| F|  |TAMS 0x000000060ec00000| PB 0x000000060ec00000| Untracked 
|  42|0x000000060f000000, 0x000000060f000000, 0x000000060f400000|  0%| F|  |TAMS 0x000000060f000000| PB 0x000000060f000000| Untracked 
|  43|0x000000060f400000, 0x000000060f400000, 0x000000060f800000|  0%| F|  |TAMS 0x000000060f400000| PB 0x000000060f400000| Untracked 
|  44|0x000000060f800000, 0x000000060f800000, 0x000000060fc00000|  0%| F|  |TAMS 0x000000060f800000| PB 0x000000060f800000| Untracked 
|  45|0x000000060fc00000, 0x000000060fc00000, 0x0000000610000000|  0%| F|  |TAMS 0x000000060fc00000| PB 0x000000060fc00000| Untracked 
|  46|0x0000000610000000, 0x0000000610000000, 0x0000000610400000|  0%| F|  |TAMS 0x0000000610000000| PB 0x0000000610000000| Untracked 
|  47|0x0000000610400000, 0x0000000610400000, 0x0000000610800000|  0%| F|  |TAMS 0x0000000610400000| PB 0x0000000610400000| Untracked 
|  48|0x0000000610800000, 0x0000000610800000, 0x0000000610c00000|  0%| F|  |TAMS 0x0000000610800000| PB 0x0000000610800000| Untracked 
|  49|0x0000000610c00000, 0x0000000610c00000, 0x0000000611000000|  0%| F|  |TAMS 0x0000000610c00000| PB 0x0000000610c00000| Untracked 
|  50|0x0000000611000000, 0x0000000611000000, 0x0000000611400000|  0%| F|  |TAMS 0x0000000611000000| PB 0x0000000611000000| Untracked 
|  51|0x0000000611400000, 0x0000000611400000, 0x0000000611800000|  0%| F|  |TAMS 0x0000000611400000| PB 0x0000000611400000| Untracked 
|  52|0x0000000611800000, 0x0000000611800000, 0x0000000611c00000|  0%| F|  |TAMS 0x0000000611800000| PB 0x0000000611800000| Untracked 
|  53|0x0000000611c00000, 0x0000000611c00000, 0x0000000612000000|  0%| F|  |TAMS 0x0000000611c00000| PB 0x0000000611c00000| Untracked 
|  54|0x0000000612000000, 0x0000000612000000, 0x0000000612400000|  0%| F|  |TAMS 0x0000000612000000| PB 0x0000000612000000| Untracked 
|  55|0x0000000612400000, 0x0000000612400000, 0x0000000612800000|  0%| F|  |TAMS 0x0000000612400000| PB 0x0000000612400000| Untracked 
|  56|0x0000000612800000, 0x0000000612800000, 0x0000000612c00000|  0%| F|  |TAMS 0x0000000612800000| PB 0x0000000612800000| Untracked 
|  57|0x0000000612c00000, 0x0000000612c00000, 0x0000000613000000|  0%| F|  |TAMS 0x0000000612c00000| PB 0x0000000612c00000| Untracked 
|  58|0x0000000613000000, 0x0000000613000000, 0x0000000613400000|  0%| F|  |TAMS 0x0000000613000000| PB 0x0000000613000000| Untracked 
|  59|0x0000000613400000, 0x0000000613400000, 0x0000000613800000|  0%| F|  |TAMS 0x0000000613400000| PB 0x0000000613400000| Untracked 
|  60|0x0000000613800000, 0x0000000613800000, 0x0000000613c00000|  0%| F|  |TAMS 0x0000000613800000| PB 0x0000000613800000| Untracked 
|  61|0x0000000613c00000, 0x0000000613c00000, 0x0000000614000000|  0%| F|  |TAMS 0x0000000613c00000| PB 0x0000000613c00000| Untracked 
|  62|0x0000000614000000, 0x0000000614000000, 0x0000000614400000|  0%| F|  |TAMS 0x0000000614000000| PB 0x0000000614000000| Untracked 
|  63|0x0000000614400000, 0x0000000614400000, 0x0000000614800000|  0%| F|  |TAMS 0x0000000614400000| PB 0x0000000614400000| Untracked 
|  64|0x0000000614800000, 0x0000000614800000, 0x0000000614c00000|  0%| F|  |TAMS 0x0000000614800000| PB 0x0000000614800000| Untracked 
|  65|0x0000000614c00000, 0x0000000614c00000, 0x0000000615000000|  0%| F|  |TAMS 0x0000000614c00000| PB 0x0000000614c00000| Untracked 
|  66|0x0000000615000000, 0x0000000615000000, 0x0000000615400000|  0%| F|  |TAMS 0x0000000615000000| PB 0x0000000615000000| Untracked 
|  67|0x0000000615400000, 0x0000000615400000, 0x0000000615800000|  0%| F|  |TAMS 0x0000000615400000| PB 0x0000000615400000| Untracked 
|  68|0x0000000615800000, 0x0000000615800000, 0x0000000615c00000|  0%| F|  |TAMS 0x0000000615800000| PB 0x0000000615800000| Untracked 
|  69|0x0000000615c00000, 0x0000000615c00000, 0x0000000616000000|  0%| F|  |TAMS 0x0000000615c00000| PB 0x0000000615c00000| Untracked 
|  70|0x0000000616000000, 0x0000000616000000, 0x0000000616400000|  0%| F|  |TAMS 0x0000000616000000| PB 0x0000000616000000| Untracked 
|  71|0x0000000616400000, 0x0000000616400000, 0x0000000616800000|  0%| F|  |TAMS 0x0000000616400000| PB 0x0000000616400000| Untracked 
|  72|0x0000000616800000, 0x0000000616800000, 0x0000000616c00000|  0%| F|  |TAMS 0x0000000616800000| PB 0x0000000616800000| Untracked 
|  73|0x0000000616c00000, 0x0000000616c00000, 0x0000000617000000|  0%| F|  |TAMS 0x0000000616c00000| PB 0x0000000616c00000| Untracked 
|  74|0x0000000617000000, 0x0000000617000000, 0x0000000617400000|  0%| F|  |TAMS 0x0000000617000000| PB 0x0000000617000000| Untracked 
|  75|0x0000000617400000, 0x0000000617400000, 0x0000000617800000|  0%| F|  |TAMS 0x0000000617400000| PB 0x0000000617400000| Untracked 
|  76|0x0000000617800000, 0x0000000617800000, 0x0000000617c00000|  0%| F|  |TAMS 0x0000000617800000| PB 0x0000000617800000| Untracked 
|  77|0x0000000617c00000, 0x0000000617c00000, 0x0000000618000000|  0%| F|  |TAMS 0x0000000617c00000| PB 0x0000000617c00000| Untracked 
|  78|0x0000000618000000, 0x0000000618000000, 0x0000000618400000|  0%| F|  |TAMS 0x0000000618000000| PB 0x0000000618000000| Untracked 
|  79|0x0000000618400000, 0x0000000618400000, 0x0000000618800000|  0%| F|  |TAMS 0x0000000618400000| PB 0x0000000618400000| Untracked 
|  80|0x0000000618800000, 0x0000000618800000, 0x0000000618c00000|  0%| F|  |TAMS 0x0000000618800000| PB 0x0000000618800000| Untracked 
|  81|0x0000000618c00000, 0x0000000618c00000, 0x0000000619000000|  0%| F|  |TAMS 0x0000000618c00000| PB 0x0000000618c00000| Untracked 
|  82|0x0000000619000000, 0x0000000619000000, 0x0000000619400000|  0%| F|  |TAMS 0x0000000619000000| PB 0x0000000619000000| Untracked 
|  83|0x0000000619400000, 0x0000000619400000, 0x0000000619800000|  0%| F|  |TAMS 0x0000000619400000| PB 0x0000000619400000| Untracked 
|  84|0x0000000619800000, 0x0000000619800000, 0x0000000619c00000|  0%| F|  |TAMS 0x0000000619800000| PB 0x0000000619800000| Untracked 
|  85|0x0000000619c00000, 0x0000000619c00000, 0x000000061a000000|  0%| F|  |TAMS 0x0000000619c00000| PB 0x0000000619c00000| Untracked 
|  86|0x000000061a000000, 0x000000061a000000, 0x000000061a400000|  0%| F|  |TAMS 0x000000061a000000| PB 0x000000061a000000| Untracked 
|  87|0x000000061a400000, 0x000000061a400000, 0x000000061a800000|  0%| F|  |TAMS 0x000000061a400000| PB 0x000000061a400000| Untracked 
|  88|0x000000061a800000, 0x000000061a800000, 0x000000061ac00000|  0%| F|  |TAMS 0x000000061a800000| PB 0x000000061a800000| Untracked 
|  89|0x000000061ac00000, 0x000000061ac00000, 0x000000061b000000|  0%| F|  |TAMS 0x000000061ac00000| PB 0x000000061ac00000| Untracked 
|  90|0x000000061b000000, 0x000000061b000000, 0x000000061b400000|  0%| F|  |TAMS 0x000000061b000000| PB 0x000000061b000000| Untracked 
|  91|0x000000061b400000, 0x000000061b400000, 0x000000061b800000|  0%| F|  |TAMS 0x000000061b400000| PB 0x000000061b400000| Untracked 
|  92|0x000000061b800000, 0x000000061b800000, 0x000000061bc00000|  0%| F|  |TAMS 0x000000061b800000| PB 0x000000061b800000| Untracked 
|  93|0x000000061bc00000, 0x000000061bc00000, 0x000000061c000000|  0%| F|  |TAMS 0x000000061bc00000| PB 0x000000061bc00000| Untracked 
|  94|0x000000061c000000, 0x000000061c000000, 0x000000061c400000|  0%| F|  |TAMS 0x000000061c000000| PB 0x000000061c000000| Untracked 
|  95|0x000000061c400000, 0x000000061c400000, 0x000000061c800000|  0%| F|  |TAMS 0x000000061c400000| PB 0x000000061c400000| Untracked 
|  96|0x000000061c800000, 0x000000061c800000, 0x000000061cc00000|  0%| F|  |TAMS 0x000000061c800000| PB 0x000000061c800000| Untracked 
|  97|0x000000061cc00000, 0x000000061cc00000, 0x000000061d000000|  0%| F|  |TAMS 0x000000061cc00000| PB 0x000000061cc00000| Untracked 
|  98|0x000000061d000000, 0x000000061d000000, 0x000000061d400000|  0%| F|  |TAMS 0x000000061d000000| PB 0x000000061d000000| Untracked 
|  99|0x000000061d400000, 0x000000061d400000, 0x000000061d800000|  0%| F|  |TAMS 0x000000061d400000| PB 0x000000061d400000| Untracked 
| 100|0x000000061d800000, 0x000000061d800000, 0x000000061dc00000|  0%| F|  |TAMS 0x000000061d800000| PB 0x000000061d800000| Untracked 
| 101|0x000000061dc00000, 0x000000061dc00000, 0x000000061e000000|  0%| F|  |TAMS 0x000000061dc00000| PB 0x000000061dc00000| Untracked 
| 102|0x000000061e000000, 0x000000061e000000, 0x000000061e400000|  0%| F|  |TAMS 0x000000061e000000| PB 0x000000061e000000| Untracked 
| 103|0x000000061e400000, 0x000000061e400000, 0x000000061e800000|  0%| F|  |TAMS 0x000000061e400000| PB 0x000000061e400000| Untracked 
| 104|0x000000061e800000, 0x000000061e800000, 0x000000061ec00000|  0%| F|  |TAMS 0x000000061e800000| PB 0x000000061e800000| Untracked 
| 105|0x000000061ec00000, 0x000000061ec00000, 0x000000061f000000|  0%| F|  |TAMS 0x000000061ec00000| PB 0x000000061ec00000| Untracked 
| 106|0x000000061f000000, 0x000000061f000000, 0x000000061f400000|  0%| F|  |TAMS 0x000000061f000000| PB 0x000000061f000000| Untracked 
| 107|0x000000061f400000, 0x000000061f400000, 0x000000061f800000|  0%| F|  |TAMS 0x000000061f400000| PB 0x000000061f400000| Untracked 
| 108|0x000000061f800000, 0x000000061f800000, 0x000000061fc00000|  0%| F|  |TAMS 0x000000061f800000| PB 0x000000061f800000| Untracked 
| 109|0x000000061fc00000, 0x000000061fc00000, 0x0000000620000000|  0%| F|  |TAMS 0x000000061fc00000| PB 0x000000061fc00000| Untracked 
| 110|0x0000000620000000, 0x0000000620000000, 0x0000000620400000|  0%| F|  |TAMS 0x0000000620000000| PB 0x0000000620000000| Untracked 
| 111|0x0000000620400000, 0x0000000620400000, 0x0000000620800000|  0%| F|  |TAMS 0x0000000620400000| PB 0x0000000620400000| Untracked 
| 112|0x0000000620800000, 0x0000000620800000, 0x0000000620c00000|  0%| F|  |TAMS 0x0000000620800000| PB 0x0000000620800000| Untracked 
| 113|0x0000000620c00000, 0x0000000620c00000, 0x0000000621000000|  0%| F|  |TAMS 0x0000000620c00000| PB 0x0000000620c00000| Untracked 
| 114|0x0000000621000000, 0x0000000621400000, 0x0000000621400000|100%| S|CS|TAMS 0x0000000621000000| PB 0x0000000621000000| Complete 
| 115|0x0000000621400000, 0x0000000621800000, 0x0000000621800000|100%| S|CS|TAMS 0x0000000621400000| PB 0x0000000621400000| Complete 
| 116|0x0000000621800000, 0x0000000621800000, 0x0000000621c00000|  0%| F|  |TAMS 0x0000000621800000| PB 0x0000000621800000| Untracked 
| 117|0x0000000621c00000, 0x0000000621c00000, 0x0000000622000000|  0%| F|  |TAMS 0x0000000621c00000| PB 0x0000000621c00000| Untracked 
| 118|0x0000000622000000, 0x0000000622000000, 0x0000000622400000|  0%| F|  |TAMS 0x0000000622000000| PB 0x0000000622000000| Untracked 
| 119|0x0000000622400000, 0x0000000622400000, 0x0000000622800000|  0%| F|  |TAMS 0x0000000622400000| PB 0x0000000622400000| Untracked 
| 120|0x0000000622800000, 0x0000000622800000, 0x0000000622c00000|  0%| F|  |TAMS 0x0000000622800000| PB 0x0000000622800000| Untracked 
| 121|0x0000000622c00000, 0x0000000622c00000, 0x0000000623000000|  0%| F|  |TAMS 0x0000000622c00000| PB 0x0000000622c00000| Untracked 
| 122|0x0000000623000000, 0x0000000623000000, 0x0000000623400000|  0%| F|  |TAMS 0x0000000623000000| PB 0x0000000623000000| Untracked 
| 123|0x0000000623400000, 0x0000000623400000, 0x0000000623800000|  0%| F|  |TAMS 0x0000000623400000| PB 0x0000000623400000| Untracked 
| 124|0x0000000623800000, 0x0000000623800000, 0x0000000623c00000|  0%| F|  |TAMS 0x0000000623800000| PB 0x0000000623800000| Untracked 
| 125|0x0000000623c00000, 0x0000000623efb760, 0x0000000624000000| 74%| E|  |TAMS 0x0000000623c00000| PB 0x0000000623c00000| Complete 
| 126|0x0000000624000000, 0x0000000624400000, 0x0000000624400000|100%| E|CS|TAMS 0x0000000624000000| PB 0x0000000624000000| Complete 

Card table byte_map: [0x000001dae92b0000,0x000001daea290000] _byte_map_base: 0x000001dae628c000

Marking Bits: (CMBitMap*) 0x000001dad09e1ec0
 Bits: [0x000001daea290000, 0x000001daf2170000)

Polling page: 0x000001dace8d0000

Metaspace:

Usage:
  Non-class:     11.97 MB used.
      Class:      1.84 MB used.
       Both:     13.81 MB used.

Virtual space:
  Non-class space:       64.00 MB reserved,      12.12 MB ( 19%) committed,  1 nodes.
      Class space:        1.00 GB reserved,       2.00 MB ( <1%) committed,  1 nodes.
             Both:        1.06 GB reserved,      14.12 MB (  1%) committed. 

Chunk freelists:
   Non-Class:  3.78 MB
       Class:  13.89 MB
        Both:  17.67 MB

MaxMetaspaceSize: unlimited
CompressedClassSpaceSize: 1.00 GB
Initial GC threshold: 21.00 MB
Current GC threshold: 21.00 MB
CDS: on
 - commit_granule_bytes: 65536.
 - commit_granule_words: 8192.
 - virtual_space_node_default_size: 8388608.
 - enlarge_chunks_in_place: 1.
 - use_allocation_guard: 0.


Internal statistics:

num_allocs_failed_limit: 0.
num_arena_births: 324.
num_arena_deaths: 0.
num_vsnodes_births: 2.
num_vsnodes_deaths: 0.
num_space_committed: 226.
num_space_uncommitted: 0.
num_chunks_returned_to_freelist: 0.
num_chunks_taken_from_freelist: 755.
num_chunk_merges: 0.
num_chunk_splits: 520.
num_chunks_enlarged: 389.
num_inconsistent_stats: 0.

CodeHeap 'non-profiled nmethods': size=120000Kb used=915Kb max_used=915Kb free=119084Kb
 bounds [0x000001dae0850000, 0x000001dae0ac0000, 0x000001dae7d80000]
CodeHeap 'profiled nmethods': size=120000Kb used=4284Kb max_used=4284Kb free=115715Kb
 bounds [0x000001dad8d80000, 0x000001dad91b0000, 0x000001dae02b0000]
CodeHeap 'non-nmethods': size=5760Kb used=2006Kb max_used=2023Kb free=3753Kb
 bounds [0x000001dae02b0000, 0x000001dae0520000, 0x000001dae0850000]
 total_blobs=3203 nmethods=2405 adapters=702
 compilation: enabled
              stopped_count=0, restarted_count=0
 full_count=0

Compilation events (20 events):
Event: 5.019 Thread 0x000001daf9010de0 nmethod 2397 0x000001dad91aca90 code [0x000001dad91accc0, 0x000001dad91ad198]
Event: 5.019 Thread 0x000001daf9010de0 2398       3       com.sun.javafx.util.Utils::HSBtoRGB (257 bytes)
Event: 5.019 Thread 0x000001daf47ab030 nmethod 2399 0x000001dae0933f90 code [0x000001dae0934120, 0x000001dae0934238]
Event: 5.019 Thread 0x000001daf47ab030 2400       4       java.util.Collections$UnmodifiableList::get (11 bytes)
Event: 5.019 Thread 0x000001daf9010de0 nmethod 2398 0x000001dad91ad390 code [0x000001dad91ad640, 0x000001dad91adc30]
Event: 5.019 Thread 0x000001daf9010de0 2394       3       com.sun.javafx.css.PseudoClassState::hashCode (5 bytes)
Event: 5.019 Thread 0x000001daf9010de0 nmethod 2394 0x000001dad91ade90 code [0x000001dad91ae040, 0x000001dad91ae1e0]
Event: 5.019 Thread 0x000001daf9010de0 2395       3       com.sun.javafx.scene.layout.ScaledMath::round (10 bytes)
Event: 5.019 Thread 0x000001daf9010de0 nmethod 2395 0x000001dad91ae290 code [0x000001dad91ae440, 0x000001dad91ae570]
Event: 5.019 Thread 0x000001daf9010de0 2401       3       com.sun.javafx.scene.NodeHelper::geomChanged (9 bytes)
Event: 5.019 Thread 0x000001daf9010de0 nmethod 2401 0x000001dad91ae610 code [0x000001dad91ae7c0, 0x000001dad91ae9c0]
Event: 5.019 Thread 0x000001daf9010de0 2402       3       com.sun.javafx.scene.NodeHelper::geomChangedImpl (10 bytes)
Event: 5.019 Thread 0x000001daf9010de0 nmethod 2402 0x000001dad91aea90 code [0x000001dad91aec40, 0x000001dad91aee48]
Event: 5.019 Thread 0x000001daf9010de0 2403       3       javafx.scene.Node$1::doGeomChanged (5 bytes)
Event: 5.019 Thread 0x000001daf9010de0 nmethod 2403 0x000001dad91aef90 code [0x000001dad91af140, 0x000001dad91af280]
Event: 5.019 Thread 0x000001daf9010de0 2404       1       javafx.scene.text.Font::getNativeFont (5 bytes)
Event: 5.019 Thread 0x000001daf9010de0 nmethod 2404 0x000001dae0934390 code [0x000001dae0934520, 0x000001dae09345f0]
Event: 5.020 Thread 0x000001daf47ab030 nmethod 2400 0x000001dae0934690 code [0x000001dae0934840, 0x000001dae0934a00]
Event: 6.972 Thread 0x000001daf9010de0 2405       1       java.util.concurrent.atomic.AtomicInteger::get (5 bytes)
Event: 6.973 Thread 0x000001daf9010de0 nmethod 2405 0x000001dae0934b90 code [0x000001dae0934d20, 0x000001dae0934de8]

GC Heap History (4 events):
Event: 0.400 GC heap before
{Heap before GC invocations=0 (full 0):
 garbage-first heap   total 520192K, used 20480K [0x0000000604800000, 0x0000000800000000)
  region size 4096K, 6 young (24576K), 0 survivors (0K)
 Metaspace       used 4504K, committed 4672K, reserved 1114112K
  class space    used 505K, committed 576K, reserved 1048576K
}
Event: 0.403 GC heap after
{Heap after GC invocations=1 (full 0):
 garbage-first heap   total 520192K, used 3201K [0x0000000604800000, 0x0000000800000000)
  region size 4096K, 1 young (4096K), 1 survivors (4096K)
 Metaspace       used 4504K, committed 4672K, reserved 1114112K
  class space    used 505K, committed 576K, reserved 1048576K
}
Event: 1.621 GC heap before
{Heap before GC invocations=1 (full 0):
 garbage-first heap   total 520192K, used 40065K [0x0000000604800000, 0x0000000800000000)
  region size 4096K, 11 young (45056K), 1 survivors (4096K)
 Metaspace       used 13636K, committed 13952K, reserved 1114112K
  class space    used 1835K, committed 1984K, reserved 1048576K
}
Event: 1.624 GC heap after
{Heap after GC invocations=2 (full 0):
 garbage-first heap   total 520192K, used 8649K [0x0000000604800000, 0x0000000800000000)
  region size 4096K, 2 young (8192K), 2 survivors (8192K)
 Metaspace       used 13636K, committed 13952K, reserved 1114112K
  class space    used 1835K, committed 1984K, reserved 1048576K
}

Dll operation events (20 events):
Event: 0.247 Loaded shared library C:\Users\ggfhf\.openjfx\cache\21.0.1+6\amd64\api-ms-win-crt-locale-l1-1-0.dll
Event: 0.249 Loaded shared library C:\Users\ggfhf\.openjfx\cache\21.0.1+6\amd64\api-ms-win-crt-math-l1-1-0.dll
Event: 0.250 Loaded shared library C:\Users\ggfhf\.openjfx\cache\21.0.1+6\amd64\api-ms-win-crt-multibyte-l1-1-0.dll
Event: 0.253 Loaded shared library C:\Users\ggfhf\.openjfx\cache\21.0.1+6\amd64\api-ms-win-crt-private-l1-1-0.dll
Event: 0.254 Loaded shared library C:\Users\ggfhf\.openjfx\cache\21.0.1+6\amd64\api-ms-win-crt-process-l1-1-0.dll
Event: 0.256 Loaded shared library C:\Users\ggfhf\.openjfx\cache\21.0.1+6\amd64\api-ms-win-crt-runtime-l1-1-0.dll
Event: 0.257 Loaded shared library C:\Users\ggfhf\.openjfx\cache\21.0.1+6\amd64\api-ms-win-crt-stdio-l1-1-0.dll
Event: 0.258 Loaded shared library C:\Users\ggfhf\.openjfx\cache\21.0.1+6\amd64\api-ms-win-crt-string-l1-1-0.dll
Event: 0.260 Loaded shared library C:\Users\ggfhf\.openjfx\cache\21.0.1+6\amd64\api-ms-win-crt-time-l1-1-0.dll
Event: 0.262 Loaded shared library C:\Users\ggfhf\.openjfx\cache\21.0.1+6\amd64\api-ms-win-crt-utility-l1-1-0.dll
Event: 0.273 Loaded shared library C:\Users\ggfhf\.openjfx\cache\21.0.1+6\amd64\ucrtbase.dll
Event: 0.275 Loaded shared library C:\Users\ggfhf\.openjfx\cache\21.0.1+6\amd64\vcruntime140.dll
Event: 0.277 Loaded shared library C:\Users\ggfhf\.openjfx\cache\21.0.1+6\amd64\vcruntime140_1.dll
Event: 0.283 Loaded shared library C:\Users\ggfhf\.openjfx\cache\21.0.1+6\amd64\msvcp140.dll
Event: 0.284 Loaded shared library C:\Users\ggfhf\.openjfx\cache\21.0.1+6\amd64\msvcp140_1.dll
Event: 0.287 Loaded shared library C:\Users\ggfhf\.openjfx\cache\21.0.1+6\amd64\msvcp140_2.dll
Event: 0.314 Loaded shared library C:\Users\ggfhf\.openjfx\cache\21.0.1+6\amd64\prism_d3d.dll
Event: 0.344 Loaded shared library C:\Users\ggfhf\.openjfx\cache\21.0.1+6\amd64\glass.dll
Event: 0.409 Loaded shared library C:\Users\ggfhf\.jdks\openjdk-21.0.1\bin\jimage.dll
Event: 0.488 Loaded shared library C:\Users\ggfhf\.openjfx\cache\21.0.1+6\amd64\javafx_font.dll

Deoptimization events (20 events):
Event: 1.640 Thread 0x000001daf9af2ce0 Uncommon trap: trap_request=0xffffffc6 fr.pc=0x000001dae08a99a0 relative=0x0000000000000340
Event: 1.640 Thread 0x000001daf9af2ce0 Uncommon trap: reason=bimorphic_or_optimized_type_check action=maybe_recompile pc=0x000001dae08a99a0 method=java.util.concurrent.ConcurrentHashMap.get(Ljava/lang/Object;)Ljava/lang/Object; @ 149 c2
Event: 1.640 Thread 0x000001daf9af2ce0 DEOPT PACKING pc=0x000001dae08a99a0 sp=0x0000006f073fc4b0
Event: 1.640 Thread 0x000001daf9af2ce0 DEOPT UNPACKING pc=0x000001dae0307da2 sp=0x0000006f073fc420 mode 2
Event: 1.640 Thread 0x000001daf9af2ce0 Uncommon trap: trap_request=0xffffffc6 fr.pc=0x000001dae08a99a0 relative=0x0000000000000340
Event: 1.640 Thread 0x000001daf9af2ce0 Uncommon trap: reason=bimorphic_or_optimized_type_check action=maybe_recompile pc=0x000001dae08a99a0 method=java.util.concurrent.ConcurrentHashMap.get(Ljava/lang/Object;)Ljava/lang/Object; @ 149 c2
Event: 1.640 Thread 0x000001daf9af2ce0 DEOPT PACKING pc=0x000001dae08a99a0 sp=0x0000006f073fc510
Event: 1.640 Thread 0x000001daf9af2ce0 DEOPT UNPACKING pc=0x000001dae0307da2 sp=0x0000006f073fc480 mode 2
Event: 1.642 Thread 0x000001daf9af2ce0 Uncommon trap: trap_request=0xffffffc6 fr.pc=0x000001dae08a99a0 relative=0x0000000000000340
Event: 1.642 Thread 0x000001daf9af2ce0 Uncommon trap: reason=bimorphic_or_optimized_type_check action=maybe_recompile pc=0x000001dae08a99a0 method=java.util.concurrent.ConcurrentHashMap.get(Ljava/lang/Object;)Ljava/lang/Object; @ 149 c2
Event: 1.642 Thread 0x000001daf9af2ce0 DEOPT PACKING pc=0x000001dae08a99a0 sp=0x0000006f073fc450
Event: 1.642 Thread 0x000001daf9af2ce0 DEOPT UNPACKING pc=0x000001dae0307da2 sp=0x0000006f073fc3c0 mode 2
Event: 1.642 Thread 0x000001daf9af2ce0 Uncommon trap: trap_request=0xffffffc6 fr.pc=0x000001dae08a99a0 relative=0x0000000000000340
Event: 1.642 Thread 0x000001daf9af2ce0 Uncommon trap: reason=bimorphic_or_optimized_type_check action=maybe_recompile pc=0x000001dae08a99a0 method=java.util.concurrent.ConcurrentHashMap.get(Ljava/lang/Object;)Ljava/lang/Object; @ 149 c2
Event: 1.642 Thread 0x000001daf9af2ce0 DEOPT PACKING pc=0x000001dae08a99a0 sp=0x0000006f073fc450
Event: 1.642 Thread 0x000001daf9af2ce0 DEOPT UNPACKING pc=0x000001dae0307da2 sp=0x0000006f073fc3c0 mode 2
Event: 3.507 Thread 0x000001daf9af2ce0 Uncommon trap: trap_request=0xffffff45 fr.pc=0x000001dae092d7a0 relative=0x00000000000002a0
Event: 3.507 Thread 0x000001daf9af2ce0 Uncommon trap: reason=unstable_if action=reinterpret pc=0x000001dae092d7a0 method=com.sun.javafx.event.EventHandlerManager.dispatchBubblingEvent(Ljavafx/event/EventType;Ljavafx/event/Event;)Ljavafx/event/Event; @ 22 c2
Event: 3.507 Thread 0x000001daf9af2ce0 DEOPT PACKING pc=0x000001dae092d7a0 sp=0x0000006f073f6f30
Event: 3.507 Thread 0x000001daf9af2ce0 DEOPT UNPACKING pc=0x000001dae0307da2 sp=0x0000006f073f6ed0 mode 2

Classes loaded (20 events):
Event: 1.025 Loading class java/time/DayOfWeek
Event: 1.025 Loading class java/time/DayOfWeek done
Event: 1.025 Loading class java/time/zone/ZoneOffsetTransitionRule$TimeDefinition
Event: 1.025 Loading class java/time/zone/ZoneOffsetTransitionRule$TimeDefinition done
Event: 1.026 Loading class java/time/zone/ZoneOffsetTransition
Event: 1.026 Loading class java/time/zone/ZoneOffsetTransition done
Event: 1.026 Loading class sun/util/cldr/CLDRBaseLocaleDataMetaInfo$TZCanonicalIDMapHolder
Event: 1.026 Loading class sun/util/cldr/CLDRBaseLocaleDataMetaInfo$TZCanonicalIDMapHolder done
Event: 1.027 Loading class sun/util/resources/TimeZoneNames
Event: 1.027 Loading class sun/util/resources/TimeZoneNames done
Event: 1.028 Loading class sun/util/resources/TimeZoneNames_en
Event: 1.028 Loading class sun/util/resources/TimeZoneNames_en done
Event: 1.211 Loading class java/io/UnsupportedEncodingException
Event: 1.211 Loading class java/io/UnsupportedEncodingException done
Event: 1.615 Loading class java/math/BigDecimal
Event: 1.615 Loading class java/math/BigDecimal done
Event: 1.620 Loading class java/io/CharArrayReader
Event: 1.620 Loading class java/io/CharArrayReader done
Event: 6.971 Loading class jdk/internal/misc/Signal$1
Event: 6.971 Loading class jdk/internal/misc/Signal$1 done

Classes unloaded (0 events):
No events

Classes redefined (0 events):
No events

Internal exceptions (20 events):
Event: 0.588 Thread 0x000001daf9af2ce0 Exception <a 'java/lang/NoSuchMethodError'{0x00000006237b3ec0}: 'void java.lang.invoke.DirectMethodHandle$Holder.invokeSpecial(java.lang.Object, java.lang.Object, int)'> (0x00000006237b3ec0) 
thrown [s\open\src\hotspot\share\interpreter\linkResolver.cpp, line 773]
Event: 0.589 Thread 0x000001daf9af2ce0 Exception <a 'java/lang/NoSuchMethodError'{0x00000006237b8300}: 'int java.lang.invoke.DirectMethodHandle$Holder.invokeSpecial(java.lang.Object, java.lang.Object, java.lang.Object, int)'> (0x00000006237b8300) 
thrown [s\open\src\hotspot\share\interpreter\linkResolver.cpp, line 773]
Event: 0.590 Thread 0x000001daf9af2ce0 Exception <a 'java/lang/NoSuchMethodError'{0x00000006237ca540}: 'java.lang.Object java.lang.invoke.DirectMethodHandle$Holder.invokeStatic(java.lang.Object, java.lang.Object, java.lang.Object, java.lang.Object, int)'> (0x00000006237ca540) 
thrown [s\open\src\hotspot\share\interpreter\linkResolver.cpp, line 773]
Event: 0.590 Thread 0x000001daf9af2ce0 Exception <a 'java/lang/NoSuchMethodError'{0x00000006237d5320}: 'void java.lang.invoke.DelegatingMethodHandle$Holder.reinvoke_L(java.lang.Object, java.lang.Object, int)'> (0x00000006237d5320) 
thrown [s\open\src\hotspot\share\interpreter\linkResolver.cpp, line 773]
Event: 0.591 Thread 0x000001daf9af2ce0 Exception <a 'java/lang/NoSuchMethodError'{0x00000006237d8d48}: 'int java.lang.invoke.DirectMethodHandle$Holder.invokeSpecial(java.lang.Object, java.lang.Object, java.lang.Object)'> (0x00000006237d8d48) 
thrown [s\open\src\hotspot\share\interpreter\linkResolver.cpp, line 773]
Event: 0.592 Thread 0x000001daf9af2ce0 Exception <a 'java/lang/NoSuchMethodError'{0x00000006237e68e8}: 'void java.lang.invoke.DirectMethodHandle$Holder.invokeSpecial(java.lang.Object, java.lang.Object, double)'> (0x00000006237e68e8) 
thrown [s\open\src\hotspot\share\interpreter\linkResolver.cpp, line 773]
Event: 0.593 Thread 0x000001daf9af2ce0 Exception <a 'java/lang/NoSuchMethodError'{0x00000006237f1068}: 'double java.lang.invoke.DelegatingMethodHandle$Holder.reinvoke_L(java.lang.Object, java.lang.Object, int)'> (0x00000006237f1068) 
thrown [s\open\src\hotspot\share\interpreter\linkResolver.cpp, line 773]
Event: 0.593 Thread 0x000001daf9af2ce0 Exception <a 'java/lang/NoSuchMethodError'{0x00000006237fad40}: 'void java.lang.invoke.DelegatingMethodHandle$Holder.reinvoke_L(java.lang.Object, java.lang.Object, double)'> (0x00000006237fad40) 
thrown [s\open\src\hotspot\share\interpreter\linkResolver.cpp, line 773]
Event: 0.629 Thread 0x000001daf9af2ce0 Implicit null exception at 0x000001dae08a1c66 to 0x000001dae08a1d0a
Event: 0.681 Thread 0x000001daf9af2ce0 Implicit null exception at 0x000001dae08b6dbd to 0x000001dae08b704c
Event: 0.682 Thread 0x000001daf9af2ce0 Implicit null exception at 0x000001dae08b653d to 0x000001dae08b67cc
Event: 0.718 Thread 0x000001daf9af2ce0 Exception <a 'java/lang/NoSuchMethodError'{0x00000006226fbd48}: 'java.lang.Object java.lang.invoke.DirectMethodHandle$Holder.invokeInterface(java.lang.Object, java.lang.Object, java.lang.Object)'> (0x00000006226fbd48) 
thrown [s\open\src\hotspot\share\interpreter\linkResolver.cpp, line 773]
Event: 0.718 Thread 0x000001daf9af2ce0 Exception <a 'java/lang/IncompatibleClassChangeError'{0x00000006226ff3f0}: Found class java.lang.Object, but interface was expected> (0x00000006226ff3f0) 
thrown [s\open\src\hotspot\share\interpreter\linkResolver.cpp, line 840]
Event: 0.744 Thread 0x000001daf9af2ce0 Exception <a 'java/lang/NoSuchMethodError'{0x0000000622025f50}: 'int java.lang.invoke.DirectMethodHandle$Holder.invokeSpecial(java.lang.Object, java.lang.Object, int)'> (0x0000000622025f50) 
thrown [s\open\src\hotspot\share\interpreter\linkResolver.cpp, line 773]
Event: 0.753 Thread 0x000001daf9af2ce0 Exception <a 'java/lang/NoSuchMethodError'{0x000000062208efe8}: 'java.lang.Object java.lang.invoke.DirectMethodHandle$Holder.newInvokeSpecial(java.lang.Object, java.lang.Object, int)'> (0x000000062208efe8) 
thrown [s\open\src\hotspot\share\interpreter\linkResolver.cpp, line 773]
Event: 0.786 Thread 0x000001daf9a15140 Exception <a 'java/lang/NoSuchMethodError'{0x0000000622175220}: 'int java.lang.invoke.DirectMethodHandle$Holder.invokeStaticInit(java.lang.Object, java.lang.Object)'> (0x0000000622175220) 
thrown [s\open\src\hotspot\share\interpreter\linkResolver.cpp, line 773]
Event: 1.233 Thread 0x000001daf9af2ce0 Exception <a 'java/lang/NoSuchMethodError'{0x00000006219b8ea8}: 'long java.lang.invoke.DirectMethodHandle$Holder.invokeStatic(java.lang.Object, java.lang.Object, java.lang.Object)'> (0x00000006219b8ea8) 
thrown [s\open\src\hotspot\share\interpreter\linkResolver.cpp, line 773]
Event: 1.234 Thread 0x000001daf9af2ce0 Exception <a 'java/lang/NoSuchMethodError'{0x00000006219bc278}: 'long java.lang.invoke.DirectMethodHandle$Holder.invokeStaticInit(java.lang.Object, java.lang.Object, java.lang.Object)'> (0x00000006219bc278) 
thrown [s\open\src\hotspot\share\interpreter\linkResolver.cpp, line 773]
Event: 1.235 Thread 0x000001daf9af2ce0 Exception <a 'java/lang/NoSuchMethodError'{0x00000006219d0ab0}: 'java.lang.Object java.lang.invoke.DirectMethodHandle$Holder.newInvokeSpecial(java.lang.Object, java.lang.Object, long)'> (0x00000006219d0ab0) 
thrown [s\open\src\hotspot\share\interpreter\linkResolver.cpp, line 773]
Event: 1.235 Thread 0x000001daf9af2ce0 Exception <a 'java/lang/NoSuchMethodError'{0x00000006219d43a8}: 'java.lang.Object java.lang.invoke.Invokers$Holder.linkToTargetMethod(java.lang.Object, long, java.lang.Object)'> (0x00000006219d43a8) 
thrown [s\open\src\hotspot\share\interpreter\linkResolver.cpp, line 773]

ZGC Phase Switch (0 events):
No events

VM Operations (20 events):
Event: 0.340 Executing VM operation: HandshakeAllThreads (Deoptimize) done
Event: 0.400 Executing VM operation: G1CollectForAllocation (G1 Evacuation Pause)
Event: 0.403 Executing VM operation: G1CollectForAllocation (G1 Evacuation Pause) done
Event: 0.492 Executing VM operation: HandshakeAllThreads (Deoptimize)
Event: 0.492 Executing VM operation: HandshakeAllThreads (Deoptimize) done
Event: 0.683 Executing VM operation: ICBufferFull
Event: 0.684 Executing VM operation: ICBufferFull done
Event: 1.594 Executing VM operation: HandshakeAllThreads (Deoptimize)
Event: 1.594 Executing VM operation: HandshakeAllThreads (Deoptimize) done
Event: 1.602 Executing VM operation: ICBufferFull
Event: 1.602 Executing VM operation: ICBufferFull done
Event: 1.621 Executing VM operation: G1CollectForAllocation (G1 Evacuation Pause)
Event: 1.624 Executing VM operation: G1CollectForAllocation (G1 Evacuation Pause) done
Event: 3.624 Executing VM operation: Cleanup
Event: 3.624 Executing VM operation: Cleanup done
Event: 4.624 Executing VM operation: Cleanup
Event: 4.624 Executing VM operation: Cleanup done
Event: 5.625 Executing VM operation: Cleanup
Event: 5.625 Executing VM operation: Cleanup done
Event: 6.973 Executing VM operation: Exit

Events (20 events):
Event: 0.135 Thread 0x000001daf93b6c50 Thread added: 0x000001daf93b6c50
Event: 0.307 Thread 0x000001daf9a15140 Thread added: 0x000001daf9a15140
Event: 0.345 Thread 0x000001daf9ab7ec0 Thread added: 0x000001daf9ab7ec0
Event: 0.348 Thread 0x000001daf9af2ce0 Thread added: 0x000001daf9af2ce0
Event: 0.388 Thread 0x000001dafa5413c0 Thread added: 0x000001dafa5413c0
Event: 0.400 Thread 0x000001dafa57fe30 Thread added: 0x000001dafa57fe30
Event: 0.714 Thread 0x000001dafa7ceff0 Thread added: 0x000001dafa7ceff0
Event: 0.804 Thread 0x000001dafa7cf680 Thread added: 0x000001dafa7cf680
Event: 0.933 Thread 0x000001daf92a6550 Thread exited: 0x000001daf92a6550
Event: 0.933 Thread 0x000001daf917fd30 Thread exited: 0x000001daf917fd30
Event: 1.018 Thread 0x000001daf92a6550 Thread added: 0x000001daf92a6550
Event: 1.157 Thread 0x000001daf92a6550 Thread exited: 0x000001daf92a6550
Event: 1.603 Thread 0x000001daf9ad6710 Thread added: 0x000001daf9ad6710
Event: 1.744 Thread 0x000001daf9ad6710 Thread exited: 0x000001daf9ad6710
Event: 6.971 Thread 0x000001dafa7cc200 Thread added: 0x000001dafa7cc200
Event: 6.972 Thread 0x000001dafa7ccf20 Thread added: 0x000001dafa7ccf20
Event: 6.972 Thread 0x000001dafa7cd5b0 Thread added: 0x000001dafa7cd5b0
Event: 6.972 Thread 0x000001dafa7cd5b0 Thread exited: 0x000001dafa7cd5b0
Event: 6.973 Thread 0x000001dafa7ccf20 Thread exited: 0x000001dafa7ccf20
Event: 6.973 Thread 0x000001daf47a27e0 Thread exited: 0x000001daf47a27e0


Dynamic libraries:
0x00007ff6ade10000 - 0x00007ff6ade1e000 	C:\Users\ggfhf\.jdks\openjdk-21.0.1\bin\java.exe
0x00007fff70af0000 - 0x00007fff70d07000 	C:\WINDOWS\SYSTEM32\ntdll.dll
0x00007fff6f2d0000 - 0x00007fff6f394000 	C:\WINDOWS\System32\KERNEL32.DLL
0x00007fff6e3f0000 - 0x00007fff6e797000 	C:\WINDOWS\System32\KERNELBASE.dll
0x00007fff6de70000 - 0x00007fff6df81000 	C:\WINDOWS\System32\ucrtbase.dll
0x00007fff5c090000 - 0x00007fff5c0a8000 	C:\Users\ggfhf\.jdks\openjdk-21.0.1\bin\jli.dll
0x00007fff69020000 - 0x00007fff6903b000 	C:\Users\ggfhf\.jdks\openjdk-21.0.1\bin\VCRUNTIME140.dll
0x00007fff6fbf0000 - 0x00007fff6fd9e000 	C:\WINDOWS\System32\USER32.dll
0x00007fff6e7a0000 - 0x00007fff6e7c6000 	C:\WINDOWS\System32\win32u.dll
0x00007fff5ef20000 - 0x00007fff5f1b3000 	C:\WINDOWS\WinSxS\amd64_microsoft.windows.common-controls_6595b64144ccf1df_6.0.22621.2506_none_270c5ae97388e100\COMCTL32.dll
0x00007fff6ff80000 - 0x00007fff6ffa9000 	C:\WINDOWS\System32\GDI32.dll
0x00007fff6e9a0000 - 0x00007fff6ea47000 	C:\WINDOWS\System32\msvcrt.dll
0x00007fff6e000000 - 0x00007fff6e119000 	C:\WINDOWS\System32\gdi32full.dll
0x00007fff6e290000 - 0x00007fff6e32a000 	C:\WINDOWS\System32\msvcp_win.dll
0x00007fff6e8d0000 - 0x00007fff6e901000 	C:\WINDOWS\System32\IMM32.DLL
0x00007fff69090000 - 0x00007fff6909c000 	C:\Users\ggfhf\.jdks\openjdk-21.0.1\bin\vcruntime140_1.dll
0x00007fff34240000 - 0x00007fff342ce000 	C:\Users\ggfhf\.jdks\openjdk-21.0.1\bin\msvcp140.dll
0x00007ffec0140000 - 0x00007ffec0e55000 	C:\Users\ggfhf\.jdks\openjdk-21.0.1\bin\server\jvm.dll
0x00007fff6fe70000 - 0x00007fff6ff20000 	C:\WINDOWS\System32\ADVAPI32.dll
0x00007fff6faa0000 - 0x00007fff6fb46000 	C:\WINDOWS\System32\sechost.dll
0x00007fff6f3a0000 - 0x00007fff6f4b7000 	C:\WINDOWS\System32\RPCRT4.dll
0x00007fff6e850000 - 0x00007fff6e8c1000 	C:\WINDOWS\System32\WS2_32.dll
0x00007fff6d710000 - 0x00007fff6d75d000 	C:\WINDOWS\SYSTEM32\POWRPROF.dll
0x00007fff64970000 - 0x00007fff649a4000 	C:\WINDOWS\SYSTEM32\WINMM.dll
0x00007fff67bb0000 - 0x00007fff67bba000 	C:\WINDOWS\SYSTEM32\VERSION.dll
0x00007fff6d6b0000 - 0x00007fff6d6c3000 	C:\WINDOWS\SYSTEM32\UMPDC.dll
0x00007fff6cdd0000 - 0x00007fff6cde8000 	C:\WINDOWS\SYSTEM32\kernel.appcore.dll
0x00007fff5c170000 - 0x00007fff5c17a000 	C:\Users\ggfhf\.jdks\openjdk-21.0.1\bin\jimage.dll
0x00007fff6b680000 - 0x00007fff6b8b3000 	C:\WINDOWS\SYSTEM32\DBGHELP.DLL
0x00007fff702b0000 - 0x00007fff70639000 	C:\WINDOWS\System32\combase.dll
0x00007fff709c0000 - 0x00007fff70a97000 	C:\WINDOWS\System32\OLEAUT32.dll
0x00007fff5bdc0000 - 0x00007fff5bdf2000 	C:\WINDOWS\SYSTEM32\dbgcore.DLL
0x00007fff6e7d0000 - 0x00007fff6e84a000 	C:\WINDOWS\System32\bcryptPrimitives.dll
0x00007fff54370000 - 0x00007fff5437f000 	C:\Users\ggfhf\.jdks\openjdk-21.0.1\bin\instrument.dll
0x00007fff52dc0000 - 0x00007fff52ddf000 	C:\Users\ggfhf\.jdks\openjdk-21.0.1\bin\java.dll
0x00007fff6ea50000 - 0x00007fff6f2a9000 	C:\WINDOWS\System32\SHELL32.dll
0x00007fff6bd40000 - 0x00007fff6c634000 	C:\WINDOWS\SYSTEM32\windows.storage.dll
0x00007fff6bc00000 - 0x00007fff6bd3e000 	C:\WINDOWS\SYSTEM32\wintypes.dll
0x00007fff701b0000 - 0x00007fff702a3000 	C:\WINDOWS\System32\SHCORE.dll
0x00007fff6ff20000 - 0x00007fff6ff7e000 	C:\WINDOWS\System32\shlwapi.dll
0x00007fff6dda0000 - 0x00007fff6ddc6000 	C:\WINDOWS\SYSTEM32\profapi.dll
0x00007fff340b0000 - 0x00007fff34187000 	C:\Users\ggfhf\.jdks\openjdk-21.0.1\bin\jsvml.dll
0x00007fff52ef0000 - 0x00007fff52f00000 	C:\Users\ggfhf\.jdks\openjdk-21.0.1\bin\net.dll
0x00007fff67820000 - 0x00007fff67957000 	C:\WINDOWS\SYSTEM32\WINHTTP.dll
0x00007fff6d2a0000 - 0x00007fff6d309000 	C:\WINDOWS\system32\mswsock.dll
0x00007fff50610000 - 0x00007fff50626000 	C:\Users\ggfhf\.jdks\openjdk-21.0.1\bin\nio.dll
0x00007fff4f2b0000 - 0x00007fff4f2c8000 	C:\Users\ggfhf\.jdks\openjdk-21.0.1\bin\zip.dll
0x00007fff4f290000 - 0x00007fff4f2aa000 	C:\Program Files\JetBrains\IntelliJ IDEA 2023.1.4\bin\breakgen64.dll
0x00007fff52c10000 - 0x00007fff52c17000 	C:\Users\ggfhf\.jdks\openjdk-21.0.1\bin\extnet.dll
0x000001dace920000 - 0x000001dace923000 	C:\Users\ggfhf\.openjfx\cache\21.0.1+6\amd64\api-ms-win-core-console-l1-1-0.dll
0x000001dace930000 - 0x000001dace933000 	C:\Users\ggfhf\.openjfx\cache\21.0.1+6\amd64\api-ms-win-core-console-l1-2-0.dll
0x000001dace940000 - 0x000001dace943000 	C:\Users\ggfhf\.openjfx\cache\21.0.1+6\amd64\api-ms-win-core-datetime-l1-1-0.dll
0x000001dad08c0000 - 0x000001dad08c3000 	C:\Users\ggfhf\.openjfx\cache\21.0.1+6\amd64\api-ms-win-core-debug-l1-1-0.dll
0x000001dad08d0000 - 0x000001dad08d3000 	C:\Users\ggfhf\.openjfx\cache\21.0.1+6\amd64\api-ms-win-core-errorhandling-l1-1-0.dll
0x000001dad08e0000 - 0x000001dad08e4000 	C:\Users\ggfhf\.openjfx\cache\21.0.1+6\amd64\api-ms-win-core-file-l1-1-0.dll
0x000001dad08f0000 - 0x000001dad08f3000 	C:\Users\ggfhf\.openjfx\cache\21.0.1+6\amd64\api-ms-win-core-file-l1-2-0.dll
0x000001daf4f20000 - 0x000001daf4f23000 	C:\Users\ggfhf\.openjfx\cache\21.0.1+6\amd64\api-ms-win-core-file-l2-1-0.dll
0x000001daf4f30000 - 0x000001daf4f33000 	C:\Users\ggfhf\.openjfx\cache\21.0.1+6\amd64\api-ms-win-core-handle-l1-1-0.dll
0x000001daf4f40000 - 0x000001daf4f43000 	C:\Users\ggfhf\.openjfx\cache\21.0.1+6\amd64\api-ms-win-core-heap-l1-1-0.dll
0x000001daf4f50000 - 0x000001daf4f53000 	C:\Users\ggfhf\.openjfx\cache\21.0.1+6\amd64\api-ms-win-core-interlocked-l1-1-0.dll
0x000001daf4f60000 - 0x000001daf4f63000 	C:\Users\ggfhf\.openjfx\cache\21.0.1+6\amd64\api-ms-win-core-libraryloader-l1-1-0.dll
0x000001daf4f70000 - 0x000001daf4f73000 	C:\Users\ggfhf\.openjfx\cache\21.0.1+6\amd64\api-ms-win-core-localization-l1-2-0.dll
0x000001daf4f80000 - 0x000001daf4f83000 	C:\Users\ggfhf\.openjfx\cache\21.0.1+6\amd64\api-ms-win-core-memory-l1-1-0.dll
0x000001daf4f90000 - 0x000001daf4f93000 	C:\Users\ggfhf\.openjfx\cache\21.0.1+6\amd64\api-ms-win-core-namedpipe-l1-1-0.dll
0x000001daf4fa0000 - 0x000001daf4fa3000 	C:\Users\ggfhf\.openjfx\cache\21.0.1+6\amd64\api-ms-win-core-processenvironment-l1-1-0.dll
0x000001daf4fb0000 - 0x000001daf4fb3000 	C:\Users\ggfhf\.openjfx\cache\21.0.1+6\amd64\api-ms-win-core-processthreads-l1-1-0.dll
0x000001daf4fc0000 - 0x000001daf4fc3000 	C:\Users\ggfhf\.openjfx\cache\21.0.1+6\amd64\api-ms-win-core-processthreads-l1-1-1.dll
0x000001daf4fd0000 - 0x000001daf4fd3000 	C:\Users\ggfhf\.openjfx\cache\21.0.1+6\amd64\api-ms-win-core-profile-l1-1-0.dll
0x000001daf4fe0000 - 0x000001daf4fe3000 	C:\Users\ggfhf\.openjfx\cache\21.0.1+6\amd64\api-ms-win-core-rtlsupport-l1-1-0.dll
0x000001daf4ff0000 - 0x000001daf4ff3000 	C:\Users\ggfhf\.openjfx\cache\21.0.1+6\amd64\api-ms-win-core-string-l1-1-0.dll
0x000001daf9c00000 - 0x000001daf9c03000 	C:\Users\ggfhf\.openjfx\cache\21.0.1+6\amd64\api-ms-win-core-synch-l1-1-0.dll
0x000001daf9c10000 - 0x000001daf9c13000 	C:\Users\ggfhf\.openjfx\cache\21.0.1+6\amd64\api-ms-win-core-synch-l1-2-0.dll
0x000001daf9c20000 - 0x000001daf9c23000 	C:\Users\ggfhf\.openjfx\cache\21.0.1+6\amd64\api-ms-win-core-sysinfo-l1-1-0.dll
0x000001daf9c30000 - 0x000001daf9c33000 	C:\Users\ggfhf\.openjfx\cache\21.0.1+6\amd64\api-ms-win-core-timezone-l1-1-0.dll
0x000001daf9c40000 - 0x000001daf9c43000 	C:\Users\ggfhf\.openjfx\cache\21.0.1+6\amd64\api-ms-win-core-util-l1-1-0.dll
0x000001daf9c50000 - 0x000001daf9c53000 	C:\Users\ggfhf\.openjfx\cache\21.0.1+6\amd64\api-ms-win-crt-conio-l1-1-0.dll
0x000001daf9c60000 - 0x000001daf9c64000 	C:\Users\ggfhf\.openjfx\cache\21.0.1+6\amd64\api-ms-win-crt-convert-l1-1-0.dll
0x000001daf9c70000 - 0x000001daf9c73000 	C:\Users\ggfhf\.openjfx\cache\21.0.1+6\amd64\api-ms-win-crt-environment-l1-1-0.dll
0x000001daf9c80000 - 0x000001daf9c83000 	C:\Users\ggfhf\.openjfx\cache\21.0.1+6\amd64\api-ms-win-crt-filesystem-l1-1-0.dll
0x000001daf9c90000 - 0x000001daf9c93000 	C:\Users\ggfhf\.openjfx\cache\21.0.1+6\amd64\api-ms-win-crt-heap-l1-1-0.dll
0x000001daf9ca0000 - 0x000001daf9ca3000 	C:\Users\ggfhf\.openjfx\cache\21.0.1+6\amd64\api-ms-win-crt-locale-l1-1-0.dll
0x000001daf9cb0000 - 0x000001daf9cb5000 	C:\Users\ggfhf\.openjfx\cache\21.0.1+6\amd64\api-ms-win-crt-math-l1-1-0.dll
0x000001daf9cc0000 - 0x000001daf9cc5000 	C:\Users\ggfhf\.openjfx\cache\21.0.1+6\amd64\api-ms-win-crt-multibyte-l1-1-0.dll
0x000001daf9cd0000 - 0x000001daf9ce0000 	C:\Users\ggfhf\.openjfx\cache\21.0.1+6\amd64\api-ms-win-crt-private-l1-1-0.dll
0x000001daf9ce0000 - 0x000001daf9ce3000 	C:\Users\ggfhf\.openjfx\cache\21.0.1+6\amd64\api-ms-win-crt-process-l1-1-0.dll
0x000001daf9cf0000 - 0x000001daf9cf4000 	C:\Users\ggfhf\.openjfx\cache\21.0.1+6\amd64\api-ms-win-crt-runtime-l1-1-0.dll
0x000001daf9d00000 - 0x000001daf9d04000 	C:\Users\ggfhf\.openjfx\cache\21.0.1+6\amd64\api-ms-win-crt-stdio-l1-1-0.dll
0x000001daf9d10000 - 0x000001daf9d14000 	C:\Users\ggfhf\.openjfx\cache\21.0.1+6\amd64\api-ms-win-crt-string-l1-1-0.dll
0x000001daf9d20000 - 0x000001daf9d23000 	C:\Users\ggfhf\.openjfx\cache\21.0.1+6\amd64\api-ms-win-crt-time-l1-1-0.dll
0x000001daf9d30000 - 0x000001daf9d33000 	C:\Users\ggfhf\.openjfx\cache\21.0.1+6\amd64\api-ms-win-crt-utility-l1-1-0.dll
0x00007fff23240000 - 0x00007fff2333c000 	C:\Users\ggfhf\.openjfx\cache\21.0.1+6\amd64\ucrtbase.dll
0x00007fff4efe0000 - 0x00007fff4effb000 	C:\Users\ggfhf\.openjfx\cache\21.0.1+6\amd64\vcruntime140.dll
0x00007fff4efb0000 - 0x00007fff4efbc000 	C:\Users\ggfhf\.openjfx\cache\21.0.1+6\amd64\vcruntime140_1.dll
0x00007fff29a70000 - 0x00007fff29afe000 	C:\Users\ggfhf\.openjfx\cache\21.0.1+6\amd64\msvcp140.dll
0x00007fff70660000 - 0x00007fff70800000 	C:\WINDOWS\System32\ole32.dll
0x00007fff4efa0000 - 0x00007fff4efa9000 	C:\Users\ggfhf\.openjfx\cache\21.0.1+6\amd64\msvcp140_1.dll
0x00007fff46f00000 - 0x00007fff46f2f000 	C:\Users\ggfhf\.openjfx\cache\21.0.1+6\amd64\msvcp140_2.dll
0x00007fff44b10000 - 0x00007fff44b3f000 	C:\Users\ggfhf\.openjfx\cache\21.0.1+6\amd64\prism_d3d.dll
0x00007fff2b2c0000 - 0x00007fff2b469000 	C:\WINDOWS\system32\d3d9.dll
0x00007fff6b1d0000 - 0x00007fff6b1fb000 	C:\WINDOWS\SYSTEM32\dwmapi.dll
0x00007fff6af90000 - 0x00007fff6afc6000 	C:\WINDOWS\SYSTEM32\dxcore.dll
0x00007fff6aeb0000 - 0x00007fff6af5b000 	C:\WINDOWS\system32\uxtheme.dll
0x00007fff1b510000 - 0x00007fff1b74f000 	C:\WINDOWS\System32\DriverStore\FileRepository\iigd_dch.inf_amd64_bef59ff5f9d0461f\igdumdim64.dll
0x00007fff1a1a0000 - 0x00007fff1b504000 	C:\WINDOWS\System32\DriverStore\FileRepository\iigd_dch.inf_amd64_bef59ff5f9d0461f\igd9dxva64.dll
0x00007fff6f5c0000 - 0x00007fff6fa34000 	C:\WINDOWS\System32\SETUPAPI.dll
0x00007fff6db80000 - 0x00007fff6dbce000 	C:\WINDOWS\SYSTEM32\cfgmgr32.dll
0x00007fff18470000 - 0x00007fff1a195000 	C:\WINDOWS\System32\DriverStore\FileRepository\iigd_dch.inf_amd64_bef59ff5f9d0461f\media_bin_64.dll
0x00007fff5f7b0000 - 0x00007fff5fbeb000 	C:\WINDOWS\System32\DriverStore\FileRepository\iigd_dch.inf_amd64_bef59ff5f9d0461f\igdgmm64.dll
0x00007fff67470000 - 0x00007fff674ba000 	C:\WINDOWS\SYSTEM32\directxdatabasehelper.dll
0x00007fff348d0000 - 0x00007fff34912000 	C:\Users\ggfhf\.openjfx\cache\21.0.1+6\amd64\glass.dll
0x00007fff6f4c0000 - 0x00007fff6f5b9000 	C:\WINDOWS\System32\COMDLG32.dll
0x00007fff70060000 - 0x00007fff701af000 	C:\WINDOWS\System32\MSCTF.dll
0x00007fff542a0000 - 0x00007fff542c7000 	C:\WINDOWS\System32\DriverStore\FileRepository\iigd_dch.inf_amd64_bef59ff5f9d0461f\igdinfo64.dll
0x00007fff55490000 - 0x00007fff5935b000 	C:\WINDOWS\System32\DriverStore\FileRepository\iigd_dch.inf_amd64_bef59ff5f9d0461f\igc64.dll
0x00007fff4d050000 - 0x00007fff4d064000 	C:\Users\ggfhf\.openjfx\cache\21.0.1+6\amd64\javafx_font.dll
0x00007fff69790000 - 0x00007fff69a03000 	C:\WINDOWS\SYSTEM32\dwrite.dll
0x00007fff6ffb0000 - 0x00007fff70060000 	C:\WINDOWS\System32\clbcatq.dll
0x00007fff69530000 - 0x00007fff696e0000 	C:\WINDOWS\SYSTEM32\WindowsCodecs.dll
0x00007fff39d50000 - 0x00007fff39dae000 	C:\WINDOWS\system32\dataexchange.dll
0x00007fff64580000 - 0x00007fff64805000 	C:\WINDOWS\system32\twinapi.appcore.dll
0x00007fff398a0000 - 0x00007fff398d2000 	C:\Program Files\Common Files\Microsoft Shared\Ink\rtscom.dll
0x00007fff5a450000 - 0x00007fff5a59a000 	C:\WINDOWS\SYSTEM32\textinputframework.dll
0x00007fff6a8d0000 - 0x00007fff6aa03000 	C:\WINDOWS\SYSTEM32\CoreMessaging.dll
0x00007fff66c60000 - 0x00007fff66fcc000 	C:\WINDOWS\SYSTEM32\CoreUIComponents.dll
0x00007fff6d5d0000 - 0x00007fff6d5dc000 	C:\WINDOWS\SYSTEM32\CRYPTBASE.DLL

dbghelp: loaded successfully - version: 4.0.5 - missing functions: none
symbol engine: initialized successfully - sym options: 0x614 - pdb path: .;C:\Users\ggfhf\.jdks\openjdk-21.0.1\bin;C:\WINDOWS\SYSTEM32;C:\WINDOWS\WinSxS\amd64_microsoft.windows.common-controls_6595b64144ccf1df_6.0.22621.2506_none_270c5ae97388e100;C:\Users\ggfhf\.jdks\openjdk-21.0.1\bin\server;C:\Program Files\JetBrains\IntelliJ IDEA 2023.1.4\bin;C:\Users\ggfhf\.openjfx\cache\21.0.1+6\amd64;C:\WINDOWS\System32\DriverStore\FileRepository\iigd_dch.inf_amd64_bef59ff5f9d0461f;C:\Program Files\Common Files\Microsoft Shared\Ink

VM Arguments:
jvm_args: --module-path=lib --add-modules=javafx.controls,javafx.fxml -javaagent:C:\Program Files\JetBrains\IntelliJ IDEA 2023.1.4\lib\idea_rt.jar=54600:C:\Program Files\JetBrains\IntelliJ IDEA 2023.1.4\bin -Dfile.encoding=UTF-8 -Dsun.stdout.encoding=UTF-8 -Dsun.stderr.encoding=UTF-8 
java_command: MainFiles.Main
java_class_path (initial): C:\Users\ggfhf\Desktop\LauncherMiniGames\out\production\LauncherMiniGames;C:\Users\ggfhf\Desktop\LauncherMiniGames\lib\javafx-fxml-21.0.1.jar;C:\Users\ggfhf\Desktop\LauncherMiniGames\lib\javafx-fxml-21.0.1-win.jar;C:\Users\ggfhf\Desktop\LauncherMiniGames\lib\javafx-controls-21.0.1.jar;C:\Users\ggfhf\Desktop\LauncherMiniGames\lib\javafx-controls-21.0.1-win.jar;C:\Users\ggfhf\Desktop\LauncherMiniGames\lib\javafx-graphics-21.0.1.jar;C:\Users\ggfhf\Desktop\LauncherMiniGames\lib\javafx-graphics-21.0.1-win.jar;C:\Users\ggfhf\Desktop\LauncherMiniGames\lib\javafx-base-21.0.1.jar;C:\Users\ggfhf\Desktop\LauncherMiniGames\lib\javafx-base-21.0.1-win.jar
Launcher Type: SUN_STANDARD

[Global flags]
     intx CICompilerCount                          = 4                                         {product} {ergonomic}
     uint ConcGCThreads                            = 3                                         {product} {ergonomic}
     uint G1ConcRefinementThreads                  = 10                                        {product} {ergonomic}
   size_t G1HeapRegionSize                         = 4194304                                   {product} {ergonomic}
    uintx GCDrainStackTargetSize                   = 64                                        {product} {ergonomic}
   size_t InitialHeapSize                          = 532676608                                 {product} {ergonomic}
   size_t MarkStackSize                            = 4194304                                   {product} {ergonomic}
   size_t MaxHeapSize                              = 8514437120                                {product} {ergonomic}
   size_t MaxNewSize                               = 5108662272                                {product} {ergonomic}
   size_t MinHeapDeltaBytes                        = 4194304                                   {product} {ergonomic}
   size_t MinHeapSize                              = 8388608                                   {product} {ergonomic}
    uintx NonNMethodCodeHeapSize                   = 5839372                                {pd product} {ergonomic}
    uintx NonProfiledCodeHeapSize                  = 122909434                              {pd product} {ergonomic}
    uintx ProfiledCodeHeapSize                     = 122909434                              {pd product} {ergonomic}
    uintx ReservedCodeCacheSize                    = 251658240                              {pd product} {ergonomic}
     bool SegmentedCodeCache                       = true                                      {product} {ergonomic}
   size_t SoftMaxHeapSize                          = 8514437120                             {manageable} {ergonomic}
     bool UseCompressedOops                        = true                           {product lp64_product} {ergonomic}
     bool UseG1GC                                  = true                                      {product} {ergonomic}
     bool UseLargePagesIndividualAllocation        = false                                  {pd product} {ergonomic}

Logging:
Log output configuration:
 #0: stdout all=off uptime,level,tags foldmultilines=false
 #1: stderr all=off uptime,level,tags foldmultilines=false

Environment Variables:
PATH=C:\Program Files (x86)\Common Files\Oracle\Java\javapath;C:\Program Files\Microsoft\jdk-11.0.16.101-hotspot\bin;C:\WINDOWS\system32;C:\WINDOWS;C:\WINDOWS\System32\Wbem;C:\WINDOWS\System32\WindowsPowerShell\v1.0\;C:\WINDOWS\System32\OpenSSH\;C:\Program Files\NVIDIA Corporation\NVIDIA NvDLISR;C:\Program Files (x86)\National Instruments\Shared\LabVIEW CLI;C:\Program Files (x86)\Microsoft SQL Server\160\DTS\Binn\;C:\Program Files\Azure Data Studio\bin;C:\Program Files (x86)\Microsoft SQL Server\160\Tools\Binn\;C:\Program Files\Microsoft SQL Server\160\Tools\Binn\;C:\Program Files\Microsoft SQL Server\Client SDK\ODBC\170\Tools\Binn\;C:\Program Files\Microsoft SQL Server\160\DTS\Binn\;C:\Program Files\Microsoft SQL Server\150\Tools\Binn\;C:\Program Files\Git\cmd;C:\Program Files (x86)\NVIDIA Corporation\PhysX\Common;C:\Program Files\dotnet\;C:\Program Files\PowerShell\7\;C:\Program Files\MySQL\MySQL Shell 8.1\bin\;C:\Users\ggfhf\AppData\Local\Programs\Python\Python311\Scripts\;C:\Users\ggfhf\AppData\Local\Programs\Python\Python311\;C:\Users\ggfhf\AppData\Local\Microsoft\WindowsApps;;C:\Program Files\JetBrains\IntelliJ IDEA Community Edition 2022.3.3\bin;;C:\Program Files\JetBrains\DataGrip 2023.1\bin;;C:\Program Files\JetBrains\JetBrains Rider 2023.1.1\bin;;C:\Program Files\JetBrains\IntelliJ IDEA 2023.1.4\bin;;C:\Program Files\Azure Data Studio\bin;C:\Users\ggfhf\.dotnet\tools
USERNAME=nikolenfk
OS=Windows_NT
PROCESSOR_IDENTIFIER=Intel64 Family 6 Model 141 Stepping 1, GenuineIntel
TMP=C:\Users\ggfhf\AppData\Local\Temp
TEMP=C:\Users\ggfhf\AppData\Local\Temp




Periodic native trim disabled

---------------  S Y S T E M  ---------------

OS:
 Windows 11 , 64 bit Build 22621 (10.0.22621.2506)
OS uptime: 0 days 9:20 hours
Hyper-V role detected

CPU: total 12 (initial active 12) (6 cores per cpu, 2 threads per core) family 6 model 141 stepping 1 microcode 0x26, cx8, cmov, fxsr, ht, mmx, 3dnowpref, sse, sse2, sse3, ssse3, sse4.1, sse4.2, popcnt, lzcnt, tsc, tscinvbit, avx, avx2, aes, erms, clmul, bmi1, bmi2, adx, avx512f, avx512dq, avx512cd, avx512bw, avx512vl, sha, fma, vzeroupper, avx512_vpopcntdq, avx512_vpclmulqdq, avx512_vaes, avx512_vnni, clflush, clflushopt, clwb, avx512_vbmi2, avx512_vbmi, hv, rdtscp, rdpid, fsrm, gfni, avx512_bitalg, f16c, cet_ibt, cet_ss, avx512_ifma
Processor Information for all 12 processors :
  Max Mhz: 2688, Current Mhz: 2688, Mhz Limit: 2688

Memory: 4k page, system-wide physical 32469M (18153M free)
TotalPageFile size 37333M (AvailPageFile size 16319M)
current process WorkingSet (physical memory assigned to process): 185M, peak: 201M
current process commit charge ("private bytes"): 694M, peak: 707M

vm_info: OpenJDK 64-Bit Server VM (21.0.1+12-29) for windows-amd64 JRE (21.0.1+12-29), built on 2023-10-05T13:27:09Z by "mach5one" with MS VC++ 17.1 (VS2022)

END.
